<?xml version="1.0" encoding="UTF-8"?>
<coverage generated="1722319283826" clover="3.2.0">
  <project timestamp="1722319283826" name="All files">
    <metrics statements="258" coveredstatements="258" conditionals="66" coveredconditionals="66" methods="58" coveredmethods="58" elements="382" coveredelements="382" complexity="0" loc="258" ncloc="258" packages="1" files="1" classes="1"/>
    <file name="script.js" path="C:\Users\HP\Desktop\ExportTodo\script.js">
      <metrics statements="258" coveredstatements="258" conditionals="66" coveredconditionals="66" methods="58" coveredmethods="58"/>
      <line num="2" count="29" type="stmt"/>
      <line num="3" count="29" type="stmt"/>
      <line num="4" count="29" type="stmt"/>
      <line num="5" count="29" type="stmt"/>
      <line num="6" count="29" type="stmt"/>
      <line num="7" count="29" type="stmt"/>
      <line num="11" count="29" type="cond" truecount="2" falsecount="0"/>
      <line num="15" count="29" type="stmt"/>
      <line num="16" count="4" type="cond" truecount="2" falsecount="0"/>
      <line num="17" count="4" type="stmt"/>
      <line num="18" count="4" type="stmt"/>
      <line num="23" count="29" type="stmt"/>
      <line num="24" count="87" type="stmt"/>
      <line num="25" count="4" type="stmt"/>
      <line num="26" count="4" type="stmt"/>
      <line num="27" count="4" type="stmt"/>
      <line num="31" count="29" type="stmt"/>
      <line num="32" count="6" type="stmt"/>
      <line num="35" count="29" type="stmt"/>
      <line num="36" count="1" type="stmt"/>
      <line num="39" count="29" type="stmt"/>
      <line num="40" count="34" type="stmt"/>
      <line num="41" count="34" type="stmt"/>
      <line num="44" count="29" type="stmt"/>
      <line num="45" count="87" type="stmt"/>
      <line num="46" count="4" type="stmt"/>
      <line num="50" count="29" type="stmt"/>
      <line num="58" count="92" type="cond" truecount="2" falsecount="0"/>
      <line num="61" count="92" type="cond" truecount="2" falsecount="0"/>
      <line num="63" count="92" type="stmt"/>
      <line num="65" count="92" type="stmt"/>
      <line num="66" count="92" type="stmt"/>
      <line num="68" count="92" type="stmt"/>
      <line num="69" count="99" type="stmt"/>
      <line num="72" count="92" type="stmt"/>
      <line num="77" count="102" type="stmt"/>
      <line num="78" count="102" type="stmt"/>
      <line num="79" count="102" type="stmt"/>
      <line num="86" count="95" type="stmt"/>
      <line num="87" count="95" type="stmt"/>
      <line num="93" count="47" type="stmt"/>
      <line num="94" count="47" type="stmt"/>
      <line num="98" count="47" type="cond" truecount="2" falsecount="0"/>
      <line num="99" count="8" type="stmt"/>
      <line num="100" count="8" type="stmt"/>
      <line num="101" count="8" type="stmt"/>
      <line num="104" count="8" type="stmt"/>
      <line num="107" count="39" type="stmt"/>
      <line num="115" count="39" type="cond" truecount="2" falsecount="0"/>
      <line num="116" count="39" type="stmt"/>
      <line num="117" count="39" type="stmt"/>
      <line num="118" count="39" type="stmt"/>
      <line num="119" count="39" type="stmt"/>
      <line num="122" count="39" type="stmt"/>
      <line num="123" count="39" type="stmt"/>
      <line num="124" count="39" type="stmt"/>
      <line num="126" count="39" type="stmt"/>
      <line num="128" count="39" type="stmt"/>
      <line num="129" count="39" type="stmt"/>
      <line num="134" count="59" type="cond" truecount="2" falsecount="0"/>
      <line num="135" count="7" type="stmt"/>
      <line num="136" count="7" type="stmt"/>
      <line num="137" count="52" type="cond" truecount="2" falsecount="0"/>
      <line num="138" count="3" type="stmt"/>
      <line num="139" count="3" type="stmt"/>
      <line num="140" count="49" type="cond" truecount="2" falsecount="0"/>
      <line num="141" count="5" type="stmt"/>
      <line num="142" count="5" type="stmt"/>
      <line num="144" count="44" type="stmt"/>
      <line num="150" count="105" type="stmt"/>
      <line num="151" count="105" type="stmt"/>
      <line num="152" count="105" type="cond" truecount="2" falsecount="0"/>
      <line num="155" count="105" type="stmt"/>
      <line num="183" count="105" type="stmt"/>
      <line num="186" count="105" type="stmt"/>
      <line num="187" count="105" type="stmt"/>
      <line num="188" count="8" type="cond" truecount="2" falsecount="0"/>
      <line num="189" count="7" type="stmt"/>
      <line num="191" count="1" type="stmt"/>
      <line num="194" count="105" type="stmt"/>
      <line num="195" count="105" type="stmt"/>
      <line num="196" count="105" type="stmt"/>
      <line num="198" count="105" type="stmt"/>
      <line num="204" count="102" type="stmt"/>
      <line num="205" count="122" type="stmt"/>
      <line num="206" count="102" type="stmt"/>
      <line num="208" count="102" type="stmt"/>
      <line num="211" count="102" type="cond" truecount="4" falsecount="0"/>
      <line num="213" count="8" type="cond" truecount="2" falsecount="0"/>
      <line num="214" count="3" type="stmt"/>
      <line num="216" count="5" type="cond" truecount="2" falsecount="0"/>
      <line num="218" count="8" type="stmt"/>
      <line num="220" count="9" type="cond" truecount="2" falsecount="0"/>
      <line num="221" count="4" type="stmt"/>
      <line num="223" count="5" type="cond" truecount="2" falsecount="0"/>
      <line num="225" count="9" type="stmt"/>
      <line num="227" count="84" type="cond" truecount="2" falsecount="0"/>
      <line num="228" count="11" type="stmt"/>
      <line num="230" count="73" type="cond" truecount="2" falsecount="0"/>
      <line num="232" count="84" type="stmt"/>
      <line num="234" count="1" type="stmt"/>
      <line num="242" count="104" type="cond" truecount="3" falsecount="0"/>
      <line num="244" count="14" type="stmt"/>
      <line num="246" count="14" type="stmt"/>
      <line num="248" count="87" type="stmt"/>
      <line num="257" count="94" type="stmt"/>
      <line num="258" count="94" type="stmt"/>
      <line num="259" count="94" type="stmt"/>
      <line num="260" count="94" type="stmt"/>
      <line num="261" count="94" type="stmt"/>
      <line num="264" count="94" type="cond" truecount="2" falsecount="0"/>
      <line num="265" count="12" type="stmt"/>
      <line num="266" count="12" type="stmt"/>
      <line num="267" count="12" type="stmt"/>
      <line num="268" count="12" type="stmt"/>
      <line num="269" count="12" type="stmt"/>
      <line num="271" count="82" type="stmt"/>
      <line num="272" count="82" type="stmt"/>
      <line num="273" count="82" type="stmt"/>
      <line num="274" count="82" type="stmt"/>
      <line num="282" count="9" type="stmt"/>
      <line num="283" count="10" type="stmt"/>
      <line num="284" count="9" type="stmt"/>
      <line num="285" count="9" type="stmt"/>
      <line num="286" count="9" type="stmt"/>
      <line num="292" count="6" type="stmt"/>
      <line num="295" count="4" type="stmt"/>
      <line num="296" count="7" type="stmt"/>
      <line num="297" count="4" type="stmt"/>
      <line num="300" count="4" type="stmt"/>
      <line num="301" count="4" type="stmt"/>
      <line num="303" count="2" type="stmt"/>
      <line num="309" count="10" type="stmt"/>
      <line num="310" count="10" type="stmt"/>
      <line num="311" count="10" type="stmt"/>
      <line num="312" count="10" type="stmt"/>
      <line num="313" count="10" type="stmt"/>
      <line num="314" count="10" type="stmt"/>
      <line num="315" count="10" type="stmt"/>
      <line num="316" count="10" type="stmt"/>
      <line num="317" count="10" type="stmt"/>
      <line num="318" count="10" type="stmt"/>
      <line num="319" count="2" type="stmt"/>
      <line num="326" count="8" type="stmt"/>
      <line num="328" count="8" type="stmt"/>
      <line num="330" count="8" type="stmt"/>
      <line num="331" count="8" type="stmt"/>
      <line num="332" count="8" type="stmt"/>
      <line num="338" count="20" type="stmt"/>
      <line num="339" count="20" type="stmt"/>
      <line num="340" count="20" type="stmt"/>
      <line num="341" count="20" type="stmt"/>
      <line num="342" count="20" type="stmt"/>
      <line num="346" count="20" type="stmt"/>
      <line num="347" count="20" type="stmt"/>
      <line num="348" count="20" type="stmt"/>
      <line num="351" count="20" type="stmt"/>
      <line num="352" count="60" type="stmt"/>
      <line num="356" count="20" type="stmt"/>
      <line num="357" count="60" type="stmt"/>
      <line num="366" count="22" type="stmt"/>
      <line num="367" count="22" type="stmt"/>
      <line num="371" count="22" type="stmt"/>
      <line num="372" count="22" type="stmt"/>
      <line num="382" count="9" type="stmt"/>
      <line num="385" count="9" type="stmt"/>
      <line num="386" count="9" type="stmt"/>
      <line num="388" count="9" type="cond" truecount="2" falsecount="0"/>
      <line num="389" count="5" type="stmt"/>
      <line num="390" count="5" type="stmt"/>
      <line num="393" count="4" type="stmt"/>
      <line num="395" count="2" type="stmt"/>
      <line num="396" count="2" type="stmt"/>
      <line num="397" count="2" type="stmt"/>
      <line num="398" count="2" type="stmt"/>
      <line num="399" count="2" type="stmt"/>
      <line num="400" count="2" type="stmt"/>
      <line num="404" count="4" type="stmt"/>
      <line num="405" count="2" type="stmt"/>
      <line num="406" count="2" type="stmt"/>
      <line num="409" count="4" type="stmt"/>
      <line num="415" count="5" type="stmt"/>
      <line num="416" count="5" type="stmt"/>
      <line num="418" count="5" type="stmt"/>
      <line num="420" count="5" type="stmt"/>
      <line num="421" count="5" type="stmt"/>
      <line num="427" count="13" type="stmt"/>
      <line num="428" count="13" type="stmt"/>
      <line num="431" count="13" type="cond" truecount="3" falsecount="0"/>
      <line num="433" count="7" type="stmt"/>
      <line num="434" count="7" type="stmt"/>
      <line num="436" count="3" type="stmt"/>
      <line num="437" count="3" type="stmt"/>
      <line num="439" count="3" type="stmt"/>
      <line num="440" count="3" type="stmt"/>
      <line num="443" count="13" type="stmt"/>
      <line num="445" count="8" type="stmt"/>
      <line num="450" count="8" type="cond" truecount="3" falsecount="0"/>
      <line num="452" count="4" type="stmt"/>
      <line num="453" count="4" type="stmt"/>
      <line num="454" count="4" type="stmt"/>
      <line num="455" count="4" type="stmt"/>
      <line num="457" count="4" type="stmt"/>
      <line num="458" count="2" type="stmt"/>
      <line num="459" count="2" type="stmt"/>
      <line num="461" count="4" type="stmt"/>
      <line num="462" count="2" type="stmt"/>
      <line num="463" count="2" type="stmt"/>
      <line num="466" count="8" type="stmt"/>
      <line num="467" count="8" type="stmt"/>
      <line num="470" count="2" type="stmt"/>
      <line num="477" count="55" type="cond" truecount="2" falsecount="0"/>
      <line num="478" count="55" type="cond" truecount="2" falsecount="0"/>
      <line num="484" count="82" type="stmt"/>
      <line num="485" count="82" type="cond" truecount="2" falsecount="0"/>
      <line num="487" count="81" type="stmt"/>
      <line num="488" count="81" type="stmt"/>
      <line num="489" count="81" type="stmt"/>
      <line num="491" count="81" type="stmt"/>
      <line num="492" count="1" type="stmt"/>
      <line num="493" count="1" type="stmt"/>
      <line num="498" count="27" type="stmt"/>
      <line num="499" count="27" type="stmt"/>
      <line num="500" count="27" type="stmt"/>
      <line num="502" count="27" type="stmt"/>
      <line num="503" count="27" type="stmt"/>
      <line num="505" count="27" type="stmt"/>
      <line num="506" count="15" type="stmt"/>
      <line num="507" count="15" type="stmt"/>
      <line num="510" count="27" type="stmt"/>
      <line num="511" count="7" type="stmt"/>
      <line num="512" count="7" type="stmt"/>
      <line num="517" count="56" type="stmt"/>
      <line num="518" count="56" type="cond" truecount="2" falsecount="0"/>
      <line num="521" count="29" type="stmt"/>
      <line num="522" count="29" type="stmt"/>
      <line num="523" count="29" type="stmt"/>
      <line num="524" count="29" type="stmt"/>
      <line num="525" count="29" type="stmt"/>
      <line num="526" count="29" type="stmt"/>
      <line num="527" count="29" type="stmt"/>
      <line num="528" count="29" type="stmt"/>
      <line num="529" count="29" type="stmt"/>
      <line num="530" count="29" type="stmt"/>
      <line num="531" count="29" type="stmt"/>
      <line num="532" count="29" type="stmt"/>
      <line num="534" count="29" type="stmt"/>
      <line num="535" count="29" type="stmt"/>
      <line num="536" count="29" type="stmt"/>
      <line num="537" count="29" type="stmt"/>
      <line num="538" count="29" type="stmt"/>
      <line num="539" count="29" type="stmt"/>
      <line num="540" count="29" type="stmt"/>
      <line num="541" count="29" type="stmt"/>
      <line num="542" count="29" type="stmt"/>
      <line num="543" count="29" type="stmt"/>
      <line num="544" count="29" type="stmt"/>
      <line num="545" count="29" type="stmt"/>
    </file>
  </project>
</coverage>
