{"C:\\Users\\HP\\Desktop\\Arun-Todo\\script.js": {"path":"C:\\Users\\HP\\Desktop\\Arun-Todo\\script.js","statementMap":{"0":{"start":{"line":2,"column":17},"end":{"line":2,"column":49}},"1":{"start":{"line":3,"column":17},"end":{"line":3,"column":52}},"2":{"start":{"line":4,"column":22},"end":{"line":4,"column":57}},"3":{"start":{"line":6,"column":16},"end":{"line":6,"column":50}},"4":{"start":{"line":7,"column":17},"end":{"line":7,"column":52}},"5":{"start":{"line":8,"column":20},"end":{"line":8,"column":55}},"6":{"start":{"line":9,"column":18},"end":{"line":9,"column":50}},"7":{"start":{"line":12,"column":20},"end":{"line":12,"column":72}},"8":{"start":{"line":15,"column":0},"end":{"line":19,"column":3}},"9":{"start":{"line":16,"column":24},"end":{"line":16,"column":69}},"10":{"start":{"line":17,"column":4},"end":{"line":17,"column":75}},"11":{"start":{"line":18,"column":4},"end":{"line":18,"column":29}},"12":{"start":{"line":22,"column":0},"end":{"line":28,"column":3}},"13":{"start":{"line":23,"column":4},"end":{"line":27,"column":7}},"14":{"start":{"line":24,"column":23},"end":{"line":24,"column":37}},"15":{"start":{"line":25,"column":8},"end":{"line":25,"column":53}},"16":{"start":{"line":26,"column":8},"end":{"line":26,"column":28}},"17":{"start":{"line":31,"column":0},"end":{"line":34,"column":3}},"18":{"start":{"line":32,"column":4},"end":{"line":32,"column":27}},"19":{"start":{"line":33,"column":4},"end":{"line":33,"column":14}},"20":{"start":{"line":37,"column":0},"end":{"line":41,"column":3}},"21":{"start":{"line":38,"column":4},"end":{"line":40,"column":7}},"22":{"start":{"line":39,"column":8},"end":{"line":39,"column":45}},"23":{"start":{"line":44,"column":0},"end":{"line":44,"column":71}},"24":{"start":{"line":53,"column":21},"end":{"line":53,"column":99}},"25":{"start":{"line":54,"column":19},"end":{"line":54,"column":64}},"26":{"start":{"line":56,"column":4},"end":{"line":56,"column":20}},"27":{"start":{"line":57,"column":4},"end":{"line":57,"column":39}},"28":{"start":{"line":58,"column":4},"end":{"line":58,"column":40}},"29":{"start":{"line":60,"column":24},"end":{"line":60,"column":53}},"30":{"start":{"line":62,"column":4},"end":{"line":64,"column":7}},"31":{"start":{"line":63,"column":8},"end":{"line":63,"column":29}},"32":{"start":{"line":70,"column":4},"end":{"line":70,"column":28}},"33":{"start":{"line":77,"column":23},"end":{"line":77,"column":35}},"34":{"start":{"line":78,"column":28},"end":{"line":78,"column":72}},"35":{"start":{"line":78,"column":49},"end":{"line":78,"column":64}},"36":{"start":{"line":79,"column":27},"end":{"line":79,"column":55}},"37":{"start":{"line":81,"column":4},"end":{"line":105,"column":5}},"38":{"start":{"line":83,"column":12},"end":{"line":87,"column":13}},"39":{"start":{"line":84,"column":16},"end":{"line":84,"column":71}},"40":{"start":{"line":86,"column":16},"end":{"line":86,"column":155}},"41":{"start":{"line":88,"column":12},"end":{"line":88,"column":18}},"42":{"start":{"line":90,"column":12},"end":{"line":94,"column":13}},"43":{"start":{"line":91,"column":16},"end":{"line":91,"column":80}},"44":{"start":{"line":93,"column":16},"end":{"line":93,"column":160}},"45":{"start":{"line":95,"column":12},"end":{"line":95,"column":18}},"46":{"start":{"line":97,"column":12},"end":{"line":101,"column":13}},"47":{"start":{"line":98,"column":16},"end":{"line":98,"column":70}},"48":{"start":{"line":100,"column":16},"end":{"line":100,"column":150}},"49":{"start":{"line":102,"column":12},"end":{"line":102,"column":18}},"50":{"start":{"line":104,"column":12},"end":{"line":104,"column":66}},"51":{"start":{"line":112,"column":4},"end":{"line":119,"column":5}},"52":{"start":{"line":114,"column":12},"end":{"line":114,"column":57}},"53":{"start":{"line":114,"column":40},"end":{"line":114,"column":55}},"54":{"start":{"line":116,"column":12},"end":{"line":116,"column":56}},"55":{"start":{"line":116,"column":40},"end":{"line":116,"column":54}},"56":{"start":{"line":118,"column":12},"end":{"line":118,"column":25}},"57":{"start":{"line":126,"column":16},"end":{"line":126,"column":39}},"58":{"start":{"line":127,"column":4},"end":{"line":127,"column":32}},"59":{"start":{"line":135,"column":16},"end":{"line":135,"column":45}},"60":{"start":{"line":136,"column":4},"end":{"line":136,"column":33}},"61":{"start":{"line":137,"column":4},"end":{"line":137,"column":55}},"62":{"start":{"line":139,"column":19},"end":{"line":165,"column":5}},"63":{"start":{"line":167,"column":4},"end":{"line":167,"column":31}},"64":{"start":{"line":169,"column":4},"end":{"line":169,"column":99}},"65":{"start":{"line":169,"column":80},"end":{"line":169,"column":97}},"66":{"start":{"line":170,"column":4},"end":{"line":170,"column":108}},"67":{"start":{"line":170,"column":87},"end":{"line":170,"column":106}},"68":{"start":{"line":171,"column":4},"end":{"line":171,"column":104}},"69":{"start":{"line":171,"column":85},"end":{"line":171,"column":102}},"70":{"start":{"line":172,"column":4},"end":{"line":172,"column":108}},"71":{"start":{"line":172,"column":87},"end":{"line":172,"column":106}},"72":{"start":{"line":173,"column":4},"end":{"line":179,"column":7}},"73":{"start":{"line":174,"column":8},"end":{"line":178,"column":9}},"74":{"start":{"line":175,"column":12},"end":{"line":175,"column":31}},"75":{"start":{"line":177,"column":12},"end":{"line":177,"column":59}},"76":{"start":{"line":181,"column":4},"end":{"line":181,"column":17}},"77":{"start":{"line":188,"column":4},"end":{"line":198,"column":5}},"78":{"start":{"line":189,"column":8},"end":{"line":189,"column":39}},"79":{"start":{"line":190,"column":8},"end":{"line":190,"column":40}},"80":{"start":{"line":191,"column":8},"end":{"line":191,"column":43}},"81":{"start":{"line":192,"column":8},"end":{"line":192,"column":41}},"82":{"start":{"line":194,"column":8},"end":{"line":194,"column":39}},"83":{"start":{"line":195,"column":8},"end":{"line":195,"column":40}},"84":{"start":{"line":196,"column":8},"end":{"line":196,"column":43}},"85":{"start":{"line":197,"column":8},"end":{"line":197,"column":41}},"86":{"start":{"line":209,"column":23},"end":{"line":209,"column":37}},"87":{"start":{"line":211,"column":4},"end":{"line":216,"column":5}},"88":{"start":{"line":212,"column":8},"end":{"line":212,"column":28}},"89":{"start":{"line":213,"column":8},"end":{"line":213,"column":54}},"90":{"start":{"line":214,"column":8},"end":{"line":214,"column":25}},"91":{"start":{"line":215,"column":8},"end":{"line":215,"column":15}},"92":{"start":{"line":218,"column":15},"end":{"line":222,"column":5}},"93":{"start":{"line":224,"column":19},"end":{"line":224,"column":97}},"94":{"start":{"line":225,"column":4},"end":{"line":225,"column":24}},"95":{"start":{"line":226,"column":4},"end":{"line":226,"column":60}},"96":{"start":{"line":227,"column":4},"end":{"line":227,"column":57}},"97":{"start":{"line":228,"column":4},"end":{"line":228,"column":48}},"98":{"start":{"line":230,"column":4},"end":{"line":230,"column":57}},"99":{"start":{"line":231,"column":25},"end":{"line":231,"column":88}},"100":{"start":{"line":232,"column":4},"end":{"line":232,"column":32}},"101":{"start":{"line":234,"column":4},"end":{"line":234,"column":18}},"102":{"start":{"line":236,"column":4},"end":{"line":236,"column":24}},"103":{"start":{"line":237,"column":4},"end":{"line":237,"column":21}},"104":{"start":{"line":244,"column":4},"end":{"line":253,"column":5}},"105":{"start":{"line":245,"column":8},"end":{"line":245,"column":62}},"106":{"start":{"line":246,"column":8},"end":{"line":246,"column":21}},"107":{"start":{"line":247,"column":11},"end":{"line":253,"column":5}},"108":{"start":{"line":248,"column":8},"end":{"line":248,"column":72}},"109":{"start":{"line":249,"column":8},"end":{"line":249,"column":21}},"110":{"start":{"line":250,"column":11},"end":{"line":253,"column":5}},"111":{"start":{"line":251,"column":8},"end":{"line":251,"column":60}},"112":{"start":{"line":252,"column":8},"end":{"line":252,"column":21}},"113":{"start":{"line":254,"column":4},"end":{"line":254,"column":16}},"114":{"start":{"line":261,"column":19},"end":{"line":261,"column":66}},"115":{"start":{"line":262,"column":4},"end":{"line":262,"column":110}},"116":{"start":{"line":262,"column":33},"end":{"line":262,"column":108}},"117":{"start":{"line":272,"column":19},"end":{"line":272,"column":60}},"118":{"start":{"line":273,"column":15},"end":{"line":273,"column":56}},"119":{"start":{"line":273,"column":37},"end":{"line":273,"column":55}},"120":{"start":{"line":275,"column":4},"end":{"line":275,"column":37}},"121":{"start":{"line":277,"column":4},"end":{"line":277,"column":60}},"122":{"start":{"line":278,"column":4},"end":{"line":278,"column":18}},"123":{"start":{"line":288,"column":4},"end":{"line":298,"column":7}},"124":{"start":{"line":290,"column":23},"end":{"line":290,"column":64}},"125":{"start":{"line":291,"column":8},"end":{"line":291,"column":63}},"126":{"start":{"line":291,"column":43},"end":{"line":291,"column":61}},"127":{"start":{"line":292,"column":8},"end":{"line":292,"column":64}},"128":{"start":{"line":294,"column":8},"end":{"line":294,"column":63}},"129":{"start":{"line":295,"column":8},"end":{"line":295,"column":22}},"130":{"start":{"line":297,"column":8},"end":{"line":297,"column":58}},"131":{"start":{"line":307,"column":19},"end":{"line":307,"column":55}},"132":{"start":{"line":308,"column":18},"end":{"line":308,"column":20}},"133":{"start":{"line":311,"column":4},"end":{"line":321,"column":5}},"134":{"start":{"line":313,"column":12},"end":{"line":313,"column":66}},"135":{"start":{"line":314,"column":12},"end":{"line":314,"column":18}},"136":{"start":{"line":316,"column":12},"end":{"line":316,"column":78}},"137":{"start":{"line":317,"column":12},"end":{"line":317,"column":18}},"138":{"start":{"line":319,"column":12},"end":{"line":319,"column":76}},"139":{"start":{"line":320,"column":12},"end":{"line":320,"column":18}},"140":{"start":{"line":323,"column":4},"end":{"line":351,"column":7}},"141":{"start":{"line":325,"column":8},"end":{"line":325,"column":61}},"142":{"start":{"line":330,"column":8},"end":{"line":344,"column":9}},"143":{"start":{"line":332,"column":16},"end":{"line":332,"column":49}},"144":{"start":{"line":333,"column":16},"end":{"line":333,"column":57}},"145":{"start":{"line":334,"column":16},"end":{"line":334,"column":34}},"146":{"start":{"line":335,"column":16},"end":{"line":335,"column":22}},"147":{"start":{"line":337,"column":40},"end":{"line":337,"column":79}},"148":{"start":{"line":337,"column":64},"end":{"line":337,"column":78}},"149":{"start":{"line":338,"column":16},"end":{"line":338,"column":79}},"150":{"start":{"line":339,"column":16},"end":{"line":339,"column":22}},"151":{"start":{"line":341,"column":39},"end":{"line":341,"column":79}},"152":{"start":{"line":341,"column":63},"end":{"line":341,"column":78}},"153":{"start":{"line":342,"column":16},"end":{"line":342,"column":78}},"154":{"start":{"line":343,"column":16},"end":{"line":343,"column":22}},"155":{"start":{"line":346,"column":8},"end":{"line":346,"column":104}},"156":{"start":{"line":347,"column":8},"end":{"line":347,"column":22}},"157":{"start":{"line":350,"column":8},"end":{"line":350,"column":58}},"158":{"start":{"line":361,"column":4},"end":{"line":361,"column":41}},"159":{"start":{"line":363,"column":4},"end":{"line":363,"column":31}},"160":{"start":{"line":364,"column":4},"end":{"line":364,"column":38}},"161":{"start":{"line":366,"column":19},"end":{"line":366,"column":63}},"162":{"start":{"line":367,"column":4},"end":{"line":367,"column":41}},"163":{"start":{"line":368,"column":4},"end":{"line":368,"column":21}},"164":{"start":{"line":369,"column":4},"end":{"line":369,"column":77}},"165":{"start":{"line":370,"column":4},"end":{"line":370,"column":54}},"166":{"start":{"line":372,"column":4},"end":{"line":374,"column":7}},"167":{"start":{"line":373,"column":8},"end":{"line":373,"column":58}},"168":{"start":{"line":382,"column":22},"end":{"line":382,"column":52}},"169":{"start":{"line":383,"column":24},"end":{"line":383,"column":56}},"170":{"start":{"line":384,"column":27},"end":{"line":384,"column":71}},"171":{"start":{"line":385,"column":25},"end":{"line":385,"column":78}},"172":{"start":{"line":387,"column":4},"end":{"line":387,"column":33}},"173":{"start":{"line":388,"column":4},"end":{"line":388,"column":34}},"174":{"start":{"line":389,"column":4},"end":{"line":389,"column":36}},"175":{"start":{"line":391,"column":4},"end":{"line":393,"column":7}},"176":{"start":{"line":392,"column":8},"end":{"line":392,"column":35}},"177":{"start":{"line":395,"column":4},"end":{"line":397,"column":7}},"178":{"start":{"line":396,"column":8},"end":{"line":396,"column":34}},"179":{"start":{"line":405,"column":19},"end":{"line":405,"column":60}},"180":{"start":{"line":406,"column":19},"end":{"line":406,"column":63}},"181":{"start":{"line":407,"column":21},"end":{"line":407,"column":35}},"182":{"start":{"line":409,"column":4},"end":{"line":412,"column":5}},"183":{"start":{"line":410,"column":8},"end":{"line":410,"column":25}},"184":{"start":{"line":411,"column":8},"end":{"line":411,"column":15}},"185":{"start":{"line":414,"column":24},"end":{"line":423,"column":5}},"186":{"start":{"line":416,"column":15},"end":{"line":416,"column":56}},"187":{"start":{"line":416,"column":37},"end":{"line":416,"column":55}},"188":{"start":{"line":417,"column":4},"end":{"line":417,"column":27}},"189":{"start":{"line":418,"column":4},"end":{"line":418,"column":60}},"190":{"start":{"line":419,"column":4},"end":{"line":419,"column":60}},"191":{"start":{"line":420,"column":4},"end":{"line":420,"column":23}},"192":{"start":{"line":421,"column":4},"end":{"line":421,"column":18}},"193":{"start":{"line":425,"column":23},"end":{"line":428,"column":5}},"194":{"start":{"line":426,"column":8},"end":{"line":426,"column":27}},"195":{"start":{"line":427,"column":8},"end":{"line":427,"column":56}},"196":{"start":{"line":430,"column":4},"end":{"line":430,"column":94}},"197":{"start":{"line":437,"column":16},"end":{"line":437,"column":57}},"198":{"start":{"line":438,"column":15},"end":{"line":438,"column":53}},"199":{"start":{"line":438,"column":34},"end":{"line":438,"column":52}},"200":{"start":{"line":440,"column":19},"end":{"line":440,"column":63}},"201":{"start":{"line":442,"column":4},"end":{"line":442,"column":31}},"202":{"start":{"line":443,"column":4},"end":{"line":443,"column":23}},"203":{"start":{"line":451,"column":4},"end":{"line":451,"column":32}},"204":{"start":{"line":453,"column":4},"end":{"line":453,"column":37}},"205":{"start":{"line":455,"column":19},"end":{"line":455,"column":63}},"206":{"start":{"line":456,"column":4},"end":{"line":456,"column":46}},"207":{"start":{"line":457,"column":4},"end":{"line":457,"column":40}},"208":{"start":{"line":464,"column":4},"end":{"line":464,"column":89}},"209":{"start":{"line":465,"column":4},"end":{"line":465,"column":89}},"210":{"start":{"line":474,"column":25},"end":{"line":474,"column":64}},"211":{"start":{"line":476,"column":4},"end":{"line":476,"column":36}},"212":{"start":{"line":477,"column":4},"end":{"line":477,"column":47}},"213":{"start":{"line":478,"column":4},"end":{"line":478,"column":46}},"214":{"start":{"line":480,"column":4},"end":{"line":483,"column":13}},"215":{"start":{"line":481,"column":8},"end":{"line":481,"column":38}},"216":{"start":{"line":482,"column":8},"end":{"line":482,"column":49}},"217":{"start":{"line":490,"column":24},"end":{"line":490,"column":63}},"218":{"start":{"line":491,"column":26},"end":{"line":491,"column":67}},"219":{"start":{"line":492,"column":25},"end":{"line":492,"column":65}},"220":{"start":{"line":494,"column":4},"end":{"line":494,"column":22}},"221":{"start":{"line":495,"column":4},"end":{"line":495,"column":38}},"222":{"start":{"line":497,"column":4},"end":{"line":500,"column":6}},"223":{"start":{"line":498,"column":8},"end":{"line":498,"column":20}},"224":{"start":{"line":499,"column":8},"end":{"line":499,"column":27}},"225":{"start":{"line":502,"column":4},"end":{"line":505,"column":6}},"226":{"start":{"line":503,"column":8},"end":{"line":503,"column":19}},"227":{"start":{"line":504,"column":8},"end":{"line":504,"column":27}},"228":{"start":{"line":511,"column":27},"end":{"line":511,"column":69}},"229":{"start":{"line":512,"column":4},"end":{"line":512,"column":61}},"230":{"start":{"line":517,"column":0},"end":{"line":540,"column":2}}},"fnMap":{"0":{"name":"(anonymous_0)","decl":{"start":{"line":15,"column":46},"end":{"line":15,"column":47}},"loc":{"start":{"line":15,"column":52},"end":{"line":19,"column":1}},"line":15},"1":{"name":"(anonymous_1)","decl":{"start":{"line":22,"column":62},"end":{"line":22,"column":63}},"loc":{"start":{"line":22,"column":71},"end":{"line":28,"column":1}},"line":22},"2":{"name":"(anonymous_2)","decl":{"start":{"line":23,"column":37},"end":{"line":23,"column":38}},"loc":{"start":{"line":23,"column":44},"end":{"line":27,"column":5}},"line":23},"3":{"name":"(anonymous_3)","decl":{"start":{"line":31,"column":58},"end":{"line":31,"column":59}},"loc":{"start":{"line":31,"column":69},"end":{"line":34,"column":1}},"line":31},"4":{"name":"(anonymous_4)","decl":{"start":{"line":37,"column":26},"end":{"line":37,"column":27}},"loc":{"start":{"line":37,"column":35},"end":{"line":41,"column":1}},"line":37},"5":{"name":"(anonymous_5)","decl":{"start":{"line":38,"column":37},"end":{"line":38,"column":38}},"loc":{"start":{"line":38,"column":43},"end":{"line":40,"column":5}},"line":38},"6":{"name":"renderTasks","decl":{"start":{"line":51,"column":9},"end":{"line":51,"column":20}},"loc":{"start":{"line":51,"column":23},"end":{"line":65,"column":1}},"line":51},"7":{"name":"(anonymous_7)","decl":{"start":{"line":62,"column":26},"end":{"line":62,"column":27}},"loc":{"start":{"line":62,"column":34},"end":{"line":64,"column":5}},"line":62},"8":{"name":"clearTaskList","decl":{"start":{"line":69,"column":9},"end":{"line":69,"column":22}},"loc":{"start":{"line":69,"column":25},"end":{"line":71,"column":1}},"line":69},"9":{"name":"displayTaskCounts","decl":{"start":{"line":75,"column":9},"end":{"line":75,"column":26}},"loc":{"start":{"line":75,"column":42},"end":{"line":106,"column":1}},"line":75},"10":{"name":"(anonymous_10)","decl":{"start":{"line":78,"column":41},"end":{"line":78,"column":42}},"loc":{"start":{"line":78,"column":49},"end":{"line":78,"column":64}},"line":78},"11":{"name":"filterTasks","decl":{"start":{"line":110,"column":9},"end":{"line":110,"column":20}},"loc":{"start":{"line":110,"column":36},"end":{"line":120,"column":1}},"line":110},"12":{"name":"(anonymous_12)","decl":{"start":{"line":114,"column":32},"end":{"line":114,"column":33}},"loc":{"start":{"line":114,"column":40},"end":{"line":114,"column":55}},"line":114},"13":{"name":"(anonymous_13)","decl":{"start":{"line":116,"column":32},"end":{"line":116,"column":33}},"loc":{"start":{"line":116,"column":40},"end":{"line":116,"column":54}},"line":116},"14":{"name":"renderEachTask","decl":{"start":{"line":124,"column":9},"end":{"line":124,"column":23}},"loc":{"start":{"line":124,"column":30},"end":{"line":130,"column":1}},"line":124},"15":{"name":"createTaskElement","decl":{"start":{"line":134,"column":9},"end":{"line":134,"column":26}},"loc":{"start":{"line":134,"column":33},"end":{"line":182,"column":1}},"line":134},"16":{"name":"(anonymous_16)","decl":{"start":{"line":169,"column":74},"end":{"line":169,"column":75}},"loc":{"start":{"line":169,"column":80},"end":{"line":169,"column":97}},"line":169},"17":{"name":"(anonymous_17)","decl":{"start":{"line":170,"column":81},"end":{"line":170,"column":82}},"loc":{"start":{"line":170,"column":87},"end":{"line":170,"column":106}},"line":170},"18":{"name":"(anonymous_18)","decl":{"start":{"line":171,"column":79},"end":{"line":171,"column":80}},"loc":{"start":{"line":171,"column":85},"end":{"line":171,"column":102}},"line":171},"19":{"name":"(anonymous_19)","decl":{"start":{"line":172,"column":81},"end":{"line":172,"column":82}},"loc":{"start":{"line":172,"column":87},"end":{"line":172,"column":106}},"line":172},"20":{"name":"(anonymous_20)","decl":{"start":{"line":173,"column":79},"end":{"line":173,"column":80}},"loc":{"start":{"line":173,"column":85},"end":{"line":179,"column":5}},"line":173},"21":{"name":"toggleTaskListVisibility","decl":{"start":{"line":186,"column":9},"end":{"line":186,"column":33}},"loc":{"start":{"line":186,"column":41},"end":{"line":200,"column":1}},"line":186},"22":{"name":"addTask","decl":{"start":{"line":207,"column":9},"end":{"line":207,"column":16}},"loc":{"start":{"line":207,"column":19},"end":{"line":238,"column":1}},"line":207},"23":{"name":"validateInput","decl":{"start":{"line":242,"column":9},"end":{"line":242,"column":22}},"loc":{"start":{"line":242,"column":49},"end":{"line":255,"column":1}},"line":242},"24":{"name":"isTaskAlreadyExists","decl":{"start":{"line":259,"column":9},"end":{"line":259,"column":28}},"loc":{"start":{"line":259,"column":50},"end":{"line":263,"column":1}},"line":259},"25":{"name":"(anonymous_25)","decl":{"start":{"line":262,"column":25},"end":{"line":262,"column":26}},"loc":{"start":{"line":262,"column":33},"end":{"line":262,"column":108}},"line":262},"26":{"name":"checkBox","decl":{"start":{"line":270,"column":9},"end":{"line":270,"column":17}},"loc":{"start":{"line":270,"column":26},"end":{"line":279,"column":1}},"line":270},"27":{"name":"(anonymous_27)","decl":{"start":{"line":273,"column":29},"end":{"line":273,"column":30}},"loc":{"start":{"line":273,"column":37},"end":{"line":273,"column":55}},"line":273},"28":{"name":"deleteTask","decl":{"start":{"line":286,"column":9},"end":{"line":286,"column":19}},"loc":{"start":{"line":286,"column":28},"end":{"line":299,"column":1}},"line":286},"29":{"name":"(anonymous_29)","decl":{"start":{"line":288,"column":60},"end":{"line":288,"column":61}},"loc":{"start":{"line":288,"column":66},"end":{"line":296,"column":5}},"line":288},"30":{"name":"(anonymous_30)","decl":{"start":{"line":291,"column":35},"end":{"line":291,"column":36}},"loc":{"start":{"line":291,"column":43},"end":{"line":291,"column":61}},"line":291},"31":{"name":"(anonymous_31)","decl":{"start":{"line":296,"column":7},"end":{"line":296,"column":8}},"loc":{"start":{"line":296,"column":13},"end":{"line":298,"column":5}},"line":296},"32":{"name":"clearTasks","decl":{"start":{"line":306,"column":9},"end":{"line":306,"column":19}},"loc":{"start":{"line":306,"column":22},"end":{"line":352,"column":1}},"line":306},"33":{"name":"(anonymous_33)","decl":{"start":{"line":323,"column":23},"end":{"line":323,"column":24}},"loc":{"start":{"line":323,"column":29},"end":{"line":349,"column":5}},"line":323},"34":{"name":"(anonymous_34)","decl":{"start":{"line":337,"column":56},"end":{"line":337,"column":57}},"loc":{"start":{"line":337,"column":64},"end":{"line":337,"column":78}},"line":337},"35":{"name":"(anonymous_35)","decl":{"start":{"line":341,"column":55},"end":{"line":341,"column":56}},"loc":{"start":{"line":341,"column":63},"end":{"line":341,"column":78}},"line":341},"36":{"name":"(anonymous_36)","decl":{"start":{"line":349,"column":7},"end":{"line":349,"column":8}},"loc":{"start":{"line":349,"column":13},"end":{"line":351,"column":5}},"line":349},"37":{"name":"toggleEdit","decl":{"start":{"line":359,"column":9},"end":{"line":359,"column":19}},"loc":{"start":{"line":359,"column":28},"end":{"line":376,"column":1}},"line":359},"38":{"name":"(anonymous_38)","decl":{"start":{"line":372,"column":39},"end":{"line":372,"column":40}},"loc":{"start":{"line":372,"column":45},"end":{"line":374,"column":5}},"line":372},"39":{"name":"disableOtherElements","decl":{"start":{"line":380,"column":9},"end":{"line":380,"column":29}},"loc":{"start":{"line":380,"column":40},"end":{"line":399,"column":1}},"line":380},"40":{"name":"(anonymous_40)","decl":{"start":{"line":391,"column":27},"end":{"line":391,"column":28}},"loc":{"start":{"line":391,"column":37},"end":{"line":393,"column":5}},"line":391},"41":{"name":"(anonymous_41)","decl":{"start":{"line":395,"column":25},"end":{"line":395,"column":26}},"loc":{"start":{"line":395,"column":34},"end":{"line":397,"column":5}},"line":395},"42":{"name":"saveTask","decl":{"start":{"line":403,"column":9},"end":{"line":403,"column":17}},"loc":{"start":{"line":403,"column":26},"end":{"line":431,"column":1}},"line":403},"43":{"name":"(anonymous_43)","decl":{"start":{"line":414,"column":24},"end":{"line":414,"column":25}},"loc":{"start":{"line":414,"column":30},"end":{"line":423,"column":5}},"line":414},"44":{"name":"(anonymous_44)","decl":{"start":{"line":416,"column":29},"end":{"line":416,"column":30}},"loc":{"start":{"line":416,"column":37},"end":{"line":416,"column":55}},"line":416},"45":{"name":"(anonymous_45)","decl":{"start":{"line":425,"column":23},"end":{"line":425,"column":24}},"loc":{"start":{"line":425,"column":29},"end":{"line":428,"column":5}},"line":425},"46":{"name":"cancelEdit","decl":{"start":{"line":435,"column":9},"end":{"line":435,"column":19}},"loc":{"start":{"line":435,"column":28},"end":{"line":444,"column":1}},"line":435},"47":{"name":"(anonymous_47)","decl":{"start":{"line":438,"column":26},"end":{"line":438,"column":27}},"loc":{"start":{"line":438,"column":34},"end":{"line":438,"column":52}},"line":438},"48":{"name":"toggleSave","decl":{"start":{"line":449,"column":9},"end":{"line":449,"column":19}},"loc":{"start":{"line":449,"column":28},"end":{"line":458,"column":1}},"line":449},"49":{"name":"toggleTaskControls","decl":{"start":{"line":462,"column":9},"end":{"line":462,"column":27}},"loc":{"start":{"line":462,"column":46},"end":{"line":466,"column":1}},"line":462},"50":{"name":"showNotification","decl":{"start":{"line":472,"column":9},"end":{"line":472,"column":25}},"loc":{"start":{"line":472,"column":65},"end":{"line":484,"column":1}},"line":472},"51":{"name":"(anonymous_51)","decl":{"start":{"line":480,"column":15},"end":{"line":480,"column":16}},"loc":{"start":{"line":480,"column":21},"end":{"line":483,"column":5}},"line":480},"52":{"name":"showToast","decl":{"start":{"line":488,"column":9},"end":{"line":488,"column":18}},"loc":{"start":{"line":488,"column":49},"end":{"line":506,"column":1}},"line":488},"53":{"name":"(anonymous_53)","decl":{"start":{"line":497,"column":28},"end":{"line":497,"column":29}},"loc":{"start":{"line":497,"column":34},"end":{"line":500,"column":5}},"line":497},"54":{"name":"(anonymous_54)","decl":{"start":{"line":502,"column":27},"end":{"line":502,"column":28}},"loc":{"start":{"line":502,"column":33},"end":{"line":505,"column":5}},"line":502},"55":{"name":"toggleToast","decl":{"start":{"line":510,"column":9},"end":{"line":510,"column":20}},"loc":{"start":{"line":510,"column":30},"end":{"line":513,"column":1}},"line":510}},"branchMap":{"0":{"loc":{"start":{"line":12,"column":20},"end":{"line":12,"column":72}},"type":"binary-expr","locations":[{"start":{"line":12,"column":20},"end":{"line":12,"column":67}},{"start":{"line":12,"column":71},"end":{"line":12,"column":72}}],"line":12},"1":{"loc":{"start":{"line":16,"column":24},"end":{"line":16,"column":69}},"type":"binary-expr","locations":[{"start":{"line":16,"column":24},"end":{"line":16,"column":60}},{"start":{"line":16,"column":64},"end":{"line":16,"column":69}}],"line":16},"2":{"loc":{"start":{"line":53,"column":21},"end":{"line":53,"column":99}},"type":"cond-expr","locations":[{"start":{"line":53,"column":53},"end":{"line":53,"column":94}},{"start":{"line":53,"column":97},"end":{"line":53,"column":99}}],"line":53},"3":{"loc":{"start":{"line":54,"column":19},"end":{"line":54,"column":64}},"type":"binary-expr","locations":[{"start":{"line":54,"column":19},"end":{"line":54,"column":55}},{"start":{"line":54,"column":59},"end":{"line":54,"column":64}}],"line":54},"4":{"loc":{"start":{"line":81,"column":4},"end":{"line":105,"column":5}},"type":"switch","locations":[{"start":{"line":82,"column":8},"end":{"line":88,"column":18}},{"start":{"line":89,"column":8},"end":{"line":95,"column":18}},{"start":{"line":96,"column":8},"end":{"line":102,"column":18}},{"start":{"line":103,"column":8},"end":{"line":104,"column":66}}],"line":81},"5":{"loc":{"start":{"line":83,"column":12},"end":{"line":87,"column":13}},"type":"if","locations":[{"start":{"line":83,"column":12},"end":{"line":87,"column":13}},{"start":{"line":85,"column":19},"end":{"line":87,"column":13}}],"line":83},"6":{"loc":{"start":{"line":86,"column":44},"end":{"line":86,"column":154}},"type":"cond-expr","locations":[{"start":{"line":86,"column":68},"end":{"line":86,"column":109}},{"start":{"line":86,"column":112},"end":{"line":86,"column":154}}],"line":86},"7":{"loc":{"start":{"line":90,"column":12},"end":{"line":94,"column":13}},"type":"if","locations":[{"start":{"line":90,"column":12},"end":{"line":94,"column":13}},{"start":{"line":92,"column":19},"end":{"line":94,"column":13}}],"line":90},"8":{"loc":{"start":{"line":93,"column":44},"end":{"line":93,"column":159}},"type":"cond-expr","locations":[{"start":{"line":93,"column":67},"end":{"line":93,"column":111}},{"start":{"line":93,"column":114},"end":{"line":93,"column":159}}],"line":93},"9":{"loc":{"start":{"line":97,"column":12},"end":{"line":101,"column":13}},"type":"if","locations":[{"start":{"line":97,"column":12},"end":{"line":101,"column":13}},{"start":{"line":99,"column":19},"end":{"line":101,"column":13}}],"line":97},"10":{"loc":{"start":{"line":100,"column":44},"end":{"line":100,"column":149}},"type":"cond-expr","locations":[{"start":{"line":100,"column":63},"end":{"line":100,"column":104}},{"start":{"line":100,"column":107},"end":{"line":100,"column":149}}],"line":100},"11":{"loc":{"start":{"line":112,"column":4},"end":{"line":119,"column":5}},"type":"switch","locations":[{"start":{"line":113,"column":8},"end":{"line":114,"column":57}},{"start":{"line":115,"column":8},"end":{"line":116,"column":56}},{"start":{"line":117,"column":8},"end":{"line":118,"column":25}}],"line":112},"12":{"loc":{"start":{"line":137,"column":26},"end":{"line":137,"column":54}},"type":"cond-expr","locations":[{"start":{"line":137,"column":43},"end":{"line":137,"column":48}},{"start":{"line":137,"column":51},"end":{"line":137,"column":54}}],"line":137},"13":{"loc":{"start":{"line":145,"column":28},"end":{"line":145,"column":79}},"type":"cond-expr","locations":[{"start":{"line":145,"column":45},"end":{"line":145,"column":59}},{"start":{"line":145,"column":62},"end":{"line":145,"column":79}}],"line":145},"14":{"loc":{"start":{"line":156,"column":28},"end":{"line":156,"column":79}},"type":"cond-expr","locations":[{"start":{"line":156,"column":45},"end":{"line":156,"column":59}},{"start":{"line":156,"column":62},"end":{"line":156,"column":79}}],"line":156},"15":{"loc":{"start":{"line":174,"column":8},"end":{"line":178,"column":9}},"type":"if","locations":[{"start":{"line":174,"column":8},"end":{"line":178,"column":9}},{"start":{"line":176,"column":13},"end":{"line":178,"column":9}}],"line":174},"16":{"loc":{"start":{"line":188,"column":4},"end":{"line":198,"column":5}},"type":"if","locations":[{"start":{"line":188,"column":4},"end":{"line":198,"column":5}},{"start":{"line":193,"column":11},"end":{"line":198,"column":5}}],"line":188},"17":{"loc":{"start":{"line":211,"column":4},"end":{"line":216,"column":5}},"type":"if","locations":[{"start":{"line":211,"column":4},"end":{"line":216,"column":5}},{"start":{},"end":{}}],"line":211},"18":{"loc":{"start":{"line":224,"column":19},"end":{"line":224,"column":97}},"type":"cond-expr","locations":[{"start":{"line":224,"column":51},"end":{"line":224,"column":92}},{"start":{"line":224,"column":95},"end":{"line":224,"column":97}}],"line":224},"19":{"loc":{"start":{"line":242,"column":33},"end":{"line":242,"column":47}},"type":"default-arg","locations":[{"start":{"line":242,"column":45},"end":{"line":242,"column":47}}],"line":242},"20":{"loc":{"start":{"line":244,"column":4},"end":{"line":253,"column":5}},"type":"if","locations":[{"start":{"line":244,"column":4},"end":{"line":253,"column":5}},{"start":{"line":247,"column":11},"end":{"line":253,"column":5}}],"line":244},"21":{"loc":{"start":{"line":247,"column":11},"end":{"line":253,"column":5}},"type":"if","locations":[{"start":{"line":247,"column":11},"end":{"line":253,"column":5}},{"start":{"line":250,"column":11},"end":{"line":253,"column":5}}],"line":247},"22":{"loc":{"start":{"line":250,"column":11},"end":{"line":253,"column":5}},"type":"if","locations":[{"start":{"line":250,"column":11},"end":{"line":253,"column":5}},{"start":{},"end":{}}],"line":250},"23":{"loc":{"start":{"line":261,"column":19},"end":{"line":261,"column":66}},"type":"binary-expr","locations":[{"start":{"line":261,"column":19},"end":{"line":261,"column":60}},{"start":{"line":261,"column":64},"end":{"line":261,"column":66}}],"line":261},"24":{"loc":{"start":{"line":262,"column":33},"end":{"line":262,"column":108}},"type":"binary-expr","locations":[{"start":{"line":262,"column":33},"end":{"line":262,"column":83}},{"start":{"line":262,"column":87},"end":{"line":262,"column":108}}],"line":262},"25":{"loc":{"start":{"line":311,"column":4},"end":{"line":321,"column":5}},"type":"switch","locations":[{"start":{"line":312,"column":8},"end":{"line":314,"column":18}},{"start":{"line":315,"column":8},"end":{"line":317,"column":18}},{"start":{"line":318,"column":8},"end":{"line":320,"column":18}}],"line":311},"26":{"loc":{"start":{"line":330,"column":8},"end":{"line":344,"column":9}},"type":"switch","locations":[{"start":{"line":331,"column":12},"end":{"line":335,"column":22}},{"start":{"line":336,"column":12},"end":{"line":339,"column":22}},{"start":{"line":340,"column":12},"end":{"line":343,"column":22}}],"line":330},"27":{"loc":{"start":{"line":409,"column":4},"end":{"line":412,"column":5}},"type":"if","locations":[{"start":{"line":409,"column":4},"end":{"line":412,"column":5}},{"start":{},"end":{}}],"line":409},"28":{"loc":{"start":{"line":464,"column":62},"end":{"line":464,"column":88}},"type":"cond-expr","locations":[{"start":{"line":464,"column":73},"end":{"line":464,"column":79}},{"start":{"line":464,"column":82},"end":{"line":464,"column":88}}],"line":464},"29":{"loc":{"start":{"line":465,"column":62},"end":{"line":465,"column":88}},"type":"cond-expr","locations":[{"start":{"line":465,"column":73},"end":{"line":465,"column":79}},{"start":{"line":465,"column":82},"end":{"line":465,"column":88}}],"line":465},"30":{"loc":{"start":{"line":472,"column":26},"end":{"line":472,"column":47}},"type":"default-arg","locations":[{"start":{"line":472,"column":33},"end":{"line":472,"column":47}}],"line":472},"31":{"loc":{"start":{"line":472,"column":49},"end":{"line":472,"column":63}},"type":"default-arg","locations":[{"start":{"line":472,"column":57},"end":{"line":472,"column":63}}],"line":472},"32":{"loc":{"start":{"line":512,"column":35},"end":{"line":512,"column":60}},"type":"cond-expr","locations":[{"start":{"line":512,"column":45},"end":{"line":512,"column":51}},{"start":{"line":512,"column":54},"end":{"line":512,"column":60}}],"line":512}},"s":{"0":107,"1":107,"2":107,"3":107,"4":107,"5":107,"6":107,"7":107,"8":107,"9":5,"10":5,"11":5,"12":107,"13":321,"14":4,"15":4,"16":4,"17":107,"18":28,"19":28,"20":107,"21":214,"22":8,"23":107,"24":96,"25":96,"26":96,"27":96,"28":96,"29":96,"30":96,"31":112,"32":98,"33":106,"34":106,"35":138,"36":106,"37":106,"38":8,"39":4,"40":4,"41":8,"42":8,"43":4,"44":4,"45":8,"46":89,"47":11,"48":78,"49":89,"50":1,"51":104,"52":8,"53":14,"54":8,"55":14,"56":88,"57":114,"58":114,"59":116,"60":116,"61":116,"62":116,"63":116,"64":116,"65":6,"66":116,"67":2,"68":116,"69":4,"70":116,"71":1,"72":116,"73":6,"74":5,"75":1,"76":116,"77":98,"78":13,"79":13,"80":13,"81":13,"82":85,"83":85,"84":85,"85":85,"86":37,"87":37,"88":7,"89":7,"90":7,"91":7,"92":30,"93":30,"94":30,"95":30,"96":30,"97":30,"98":30,"99":30,"100":30,"101":30,"102":30,"103":30,"104":53,"105":5,"106":5,"107":48,"108":4,"109":4,"110":44,"111":9,"112":9,"113":35,"114":51,"115":51,"116":29,"117":11,"118":11,"119":12,"120":11,"121":11,"122":11,"123":5,"124":3,"125":3,"126":5,"127":3,"128":3,"129":3,"130":2,"131":13,"132":13,"133":13,"134":7,"135":7,"136":3,"137":3,"138":3,"139":3,"140":13,"141":8,"142":8,"143":4,"144":4,"145":4,"146":4,"147":2,"148":4,"149":2,"150":2,"151":2,"152":4,"153":2,"154":2,"155":8,"156":8,"157":2,"158":8,"159":8,"160":8,"161":8,"162":8,"163":8,"164":8,"165":8,"166":8,"167":2,"168":18,"169":18,"170":18,"171":18,"172":18,"173":18,"174":18,"175":18,"176":63,"177":18,"178":54,"179":10,"180":10,"181":10,"182":10,"183":6,"184":6,"185":4,"186":2,"187":2,"188":2,"189":2,"190":2,"191":2,"192":2,"193":4,"194":2,"195":2,"196":4,"197":5,"198":5,"199":5,"200":5,"201":5,"202":5,"203":8,"204":8,"205":8,"206":8,"207":8,"208":23,"209":23,"210":74,"211":74,"212":74,"213":74,"214":74,"215":1,"216":1,"217":26,"218":26,"219":26,"220":26,"221":26,"222":26,"223":14,"224":14,"225":26,"226":7,"227":7,"228":54,"229":54,"230":107},"f":{"0":5,"1":321,"2":4,"3":28,"4":214,"5":8,"6":96,"7":112,"8":98,"9":106,"10":138,"11":104,"12":14,"13":14,"14":114,"15":116,"16":6,"17":2,"18":4,"19":1,"20":6,"21":98,"22":37,"23":53,"24":51,"25":29,"26":11,"27":12,"28":5,"29":3,"30":5,"31":2,"32":13,"33":8,"34":4,"35":4,"36":2,"37":8,"38":2,"39":18,"40":63,"41":54,"42":10,"43":2,"44":2,"45":2,"46":5,"47":5,"48":8,"49":23,"50":74,"51":1,"52":26,"53":14,"54":7,"55":54},"b":{"0":[107,107],"1":[5,2],"2":[86,10],"3":[96,40],"4":[8,8,89,1],"5":[4,4],"6":[2,2],"7":[4,4],"8":[3,1],"9":[11,78],"10":[49,29],"11":[8,8,88],"12":[22,94],"13":[22,94],"14":[22,94],"15":[5,1],"16":[13,85],"17":[7,30],"18":[7,23],"19":[40],"20":[5,48],"21":[4,44],"22":[9,35],"23":[51,25],"24":[29,14],"25":[7,3,3],"26":[4,2,2],"27":[6,4],"28":[12,11],"29":[12,11],"30":[2],"31":[3],"32":[29,25]},"_coverageSchema":"1a1c01bbd47fc00a2c39e90264f33305004495a9","hash":"a6517098cd3dd2242de36ef877a582d94a85d46c"}
}
