{"C:\\Users\\HP\\Desktop\\ExportTodo\\script.js": {"path":"C:\\Users\\HP\\Desktop\\ExportTodo\\script.js","statementMap":{"0":{"start":{"line":2,"column":17},"end":{"line":2,"column":49}},"1":{"start":{"line":3,"column":18},"end":{"line":3,"column":48}},"2":{"start":{"line":4,"column":17},"end":{"line":4,"column":52}},"3":{"start":{"line":5,"column":20},"end":{"line":5,"column":52}},"4":{"start":{"line":6,"column":22},"end":{"line":6,"column":57}},"5":{"start":{"line":7,"column":21},"end":{"line":7,"column":60}},"6":{"start":{"line":11,"column":20},"end":{"line":11,"column":72}},"7":{"start":{"line":15,"column":0},"end":{"line":20,"column":3}},"8":{"start":{"line":16,"column":24},"end":{"line":16,"column":69}},"9":{"start":{"line":17,"column":4},"end":{"line":17,"column":75}},"10":{"start":{"line":18,"column":4},"end":{"line":18,"column":29}},"11":{"start":{"line":23,"column":0},"end":{"line":29,"column":3}},"12":{"start":{"line":24,"column":4},"end":{"line":28,"column":7}},"13":{"start":{"line":25,"column":23},"end":{"line":25,"column":37}},"14":{"start":{"line":26,"column":8},"end":{"line":26,"column":53}},"15":{"start":{"line":27,"column":8},"end":{"line":27,"column":28}},"16":{"start":{"line":31,"column":0},"end":{"line":33,"column":3}},"17":{"start":{"line":32,"column":4},"end":{"line":32,"column":41}},"18":{"start":{"line":35,"column":0},"end":{"line":37,"column":3}},"19":{"start":{"line":36,"column":4},"end":{"line":36,"column":41}},"20":{"start":{"line":39,"column":0},"end":{"line":42,"column":3}},"21":{"start":{"line":40,"column":4},"end":{"line":40,"column":27}},"22":{"start":{"line":41,"column":4},"end":{"line":41,"column":14}},"23":{"start":{"line":44,"column":0},"end":{"line":48,"column":3}},"24":{"start":{"line":45,"column":4},"end":{"line":47,"column":7}},"25":{"start":{"line":46,"column":8},"end":{"line":46,"column":40}},"26":{"start":{"line":50,"column":0},"end":{"line":50,"column":71}},"27":{"start":{"line":58,"column":4},"end":{"line":58,"column":94}},"28":{"start":{"line":61,"column":19},"end":{"line":61,"column":64}},"29":{"start":{"line":63,"column":4},"end":{"line":63,"column":20}},"30":{"start":{"line":65,"column":4},"end":{"line":65,"column":40}},"31":{"start":{"line":66,"column":24},"end":{"line":66,"column":53}},"32":{"start":{"line":68,"column":4},"end":{"line":70,"column":7}},"33":{"start":{"line":69,"column":8},"end":{"line":69,"column":29}},"34":{"start":{"line":72,"column":4},"end":{"line":72,"column":39}},"35":{"start":{"line":77,"column":21},"end":{"line":77,"column":56}},"36":{"start":{"line":78,"column":16},"end":{"line":78,"column":39}},"37":{"start":{"line":79,"column":4},"end":{"line":79,"column":32}},"38":{"start":{"line":86,"column":21},"end":{"line":86,"column":56}},"39":{"start":{"line":87,"column":4},"end":{"line":87,"column":28}},"40":{"start":{"line":93,"column":21},"end":{"line":93,"column":53}},"41":{"start":{"line":94,"column":23},"end":{"line":94,"column":37}},"42":{"start":{"line":98,"column":4},"end":{"line":105,"column":5}},"43":{"start":{"line":99,"column":8},"end":{"line":99,"column":28}},"44":{"start":{"line":100,"column":8},"end":{"line":100,"column":54}},"45":{"start":{"line":101,"column":8},"end":{"line":101,"column":25}},"46":{"start":{"line":104,"column":8},"end":{"line":104,"column":15}},"47":{"start":{"line":107,"column":15},"end":{"line":111,"column":5}},"48":{"start":{"line":115,"column":4},"end":{"line":115,"column":94}},"49":{"start":{"line":116,"column":4},"end":{"line":116,"column":24}},"50":{"start":{"line":117,"column":4},"end":{"line":117,"column":60}},"51":{"start":{"line":118,"column":4},"end":{"line":118,"column":57}},"52":{"start":{"line":119,"column":4},"end":{"line":119,"column":48}},"53":{"start":{"line":122,"column":4},"end":{"line":122,"column":57}},"54":{"start":{"line":123,"column":25},"end":{"line":123,"column":88}},"55":{"start":{"line":124,"column":4},"end":{"line":124,"column":32}},"56":{"start":{"line":126,"column":4},"end":{"line":126,"column":18}},"57":{"start":{"line":128,"column":4},"end":{"line":128,"column":24}},"58":{"start":{"line":129,"column":4},"end":{"line":129,"column":21}},"59":{"start":{"line":134,"column":4},"end":{"line":143,"column":5}},"60":{"start":{"line":135,"column":8},"end":{"line":135,"column":62}},"61":{"start":{"line":136,"column":8},"end":{"line":136,"column":21}},"62":{"start":{"line":137,"column":11},"end":{"line":143,"column":5}},"63":{"start":{"line":138,"column":8},"end":{"line":138,"column":72}},"64":{"start":{"line":139,"column":8},"end":{"line":139,"column":21}},"65":{"start":{"line":140,"column":11},"end":{"line":143,"column":5}},"66":{"start":{"line":141,"column":8},"end":{"line":141,"column":60}},"67":{"start":{"line":142,"column":8},"end":{"line":142,"column":21}},"68":{"start":{"line":144,"column":4},"end":{"line":144,"column":16}},"69":{"start":{"line":150,"column":16},"end":{"line":150,"column":45}},"70":{"start":{"line":151,"column":4},"end":{"line":151,"column":33}},"71":{"start":{"line":152,"column":4},"end":{"line":152,"column":55}},"72":{"start":{"line":155,"column":19},"end":{"line":181,"column":5}},"73":{"start":{"line":183,"column":4},"end":{"line":183,"column":31}},"74":{"start":{"line":186,"column":4},"end":{"line":186,"column":99}},"75":{"start":{"line":186,"column":80},"end":{"line":186,"column":97}},"76":{"start":{"line":187,"column":4},"end":{"line":193,"column":7}},"77":{"start":{"line":188,"column":8},"end":{"line":192,"column":9}},"78":{"start":{"line":189,"column":12},"end":{"line":189,"column":31}},"79":{"start":{"line":191,"column":12},"end":{"line":191,"column":59}},"80":{"start":{"line":194,"column":4},"end":{"line":194,"column":108}},"81":{"start":{"line":194,"column":87},"end":{"line":194,"column":106}},"82":{"start":{"line":195,"column":4},"end":{"line":195,"column":104}},"83":{"start":{"line":195,"column":85},"end":{"line":195,"column":102}},"84":{"start":{"line":196,"column":4},"end":{"line":196,"column":108}},"85":{"start":{"line":196,"column":87},"end":{"line":196,"column":106}},"86":{"start":{"line":198,"column":4},"end":{"line":198,"column":17}},"87":{"start":{"line":204,"column":23},"end":{"line":204,"column":35}},"88":{"start":{"line":205,"column":28},"end":{"line":205,"column":72}},"89":{"start":{"line":205,"column":49},"end":{"line":205,"column":64}},"90":{"start":{"line":206,"column":27},"end":{"line":206,"column":55}},"91":{"start":{"line":208,"column":26},"end":{"line":208,"column":61}},"92":{"start":{"line":211,"column":4},"end":{"line":235,"column":5}},"93":{"start":{"line":213,"column":12},"end":{"line":217,"column":13}},"94":{"start":{"line":214,"column":16},"end":{"line":214,"column":71}},"95":{"start":{"line":216,"column":16},"end":{"line":216,"column":155}},"96":{"start":{"line":218,"column":12},"end":{"line":218,"column":18}},"97":{"start":{"line":220,"column":12},"end":{"line":224,"column":13}},"98":{"start":{"line":221,"column":16},"end":{"line":221,"column":80}},"99":{"start":{"line":223,"column":16},"end":{"line":223,"column":160}},"100":{"start":{"line":225,"column":12},"end":{"line":225,"column":18}},"101":{"start":{"line":227,"column":12},"end":{"line":231,"column":13}},"102":{"start":{"line":228,"column":16},"end":{"line":228,"column":70}},"103":{"start":{"line":230,"column":16},"end":{"line":230,"column":150}},"104":{"start":{"line":232,"column":12},"end":{"line":232,"column":18}},"105":{"start":{"line":234,"column":12},"end":{"line":234,"column":66}},"106":{"start":{"line":242,"column":4},"end":{"line":249,"column":5}},"107":{"start":{"line":244,"column":12},"end":{"line":244,"column":57}},"108":{"start":{"line":244,"column":40},"end":{"line":244,"column":55}},"109":{"start":{"line":246,"column":12},"end":{"line":246,"column":56}},"110":{"start":{"line":246,"column":40},"end":{"line":246,"column":54}},"111":{"start":{"line":248,"column":12},"end":{"line":248,"column":25}},"112":{"start":{"line":257,"column":24},"end":{"line":257,"column":58}},"113":{"start":{"line":258,"column":25},"end":{"line":258,"column":60}},"114":{"start":{"line":259,"column":28},"end":{"line":259,"column":63}},"115":{"start":{"line":260,"column":26},"end":{"line":260,"column":58}},"116":{"start":{"line":261,"column":30},"end":{"line":261,"column":65}},"117":{"start":{"line":264,"column":8},"end":{"line":275,"column":9}},"118":{"start":{"line":265,"column":12},"end":{"line":265,"column":66}},"119":{"start":{"line":266,"column":12},"end":{"line":266,"column":43}},"120":{"start":{"line":267,"column":12},"end":{"line":267,"column":44}},"121":{"start":{"line":268,"column":12},"end":{"line":268,"column":47}},"122":{"start":{"line":269,"column":12},"end":{"line":269,"column":45}},"123":{"start":{"line":271,"column":12},"end":{"line":271,"column":43}},"124":{"start":{"line":272,"column":12},"end":{"line":272,"column":44}},"125":{"start":{"line":273,"column":12},"end":{"line":273,"column":47}},"126":{"start":{"line":274,"column":12},"end":{"line":274,"column":45}},"127":{"start":{"line":282,"column":19},"end":{"line":282,"column":60}},"128":{"start":{"line":283,"column":15},"end":{"line":283,"column":56}},"129":{"start":{"line":283,"column":37},"end":{"line":283,"column":55}},"130":{"start":{"line":284,"column":4},"end":{"line":284,"column":37}},"131":{"start":{"line":285,"column":4},"end":{"line":285,"column":60}},"132":{"start":{"line":286,"column":4},"end":{"line":286,"column":18}},"133":{"start":{"line":292,"column":4},"end":{"line":304,"column":7}},"134":{"start":{"line":295,"column":8},"end":{"line":295,"column":61}},"135":{"start":{"line":296,"column":8},"end":{"line":296,"column":63}},"136":{"start":{"line":296,"column":43},"end":{"line":296,"column":61}},"137":{"start":{"line":297,"column":8},"end":{"line":297,"column":64}},"138":{"start":{"line":300,"column":8},"end":{"line":300,"column":63}},"139":{"start":{"line":301,"column":8},"end":{"line":301,"column":22}},"140":{"start":{"line":303,"column":8},"end":{"line":303,"column":58}},"141":{"start":{"line":309,"column":21},"end":{"line":309,"column":53}},"142":{"start":{"line":310,"column":4},"end":{"line":310,"column":41}},"143":{"start":{"line":311,"column":4},"end":{"line":311,"column":31}},"144":{"start":{"line":312,"column":4},"end":{"line":312,"column":47}},"145":{"start":{"line":313,"column":19},"end":{"line":313,"column":63}},"146":{"start":{"line":314,"column":4},"end":{"line":314,"column":41}},"147":{"start":{"line":315,"column":4},"end":{"line":315,"column":21}},"148":{"start":{"line":316,"column":4},"end":{"line":316,"column":77}},"149":{"start":{"line":317,"column":4},"end":{"line":317,"column":54}},"150":{"start":{"line":318,"column":4},"end":{"line":320,"column":7}},"151":{"start":{"line":319,"column":8},"end":{"line":319,"column":58}},"152":{"start":{"line":326,"column":4},"end":{"line":326,"column":32}},"153":{"start":{"line":328,"column":4},"end":{"line":328,"column":47}},"154":{"start":{"line":330,"column":19},"end":{"line":330,"column":63}},"155":{"start":{"line":331,"column":4},"end":{"line":331,"column":46}},"156":{"start":{"line":332,"column":4},"end":{"line":332,"column":40}},"157":{"start":{"line":338,"column":21},"end":{"line":338,"column":53}},"158":{"start":{"line":339,"column":22},"end":{"line":339,"column":52}},"159":{"start":{"line":340,"column":24},"end":{"line":340,"column":56}},"160":{"start":{"line":341,"column":27},"end":{"line":341,"column":71}},"161":{"start":{"line":342,"column":25},"end":{"line":342,"column":78}},"162":{"start":{"line":346,"column":4},"end":{"line":346,"column":33}},"163":{"start":{"line":347,"column":4},"end":{"line":347,"column":34}},"164":{"start":{"line":348,"column":4},"end":{"line":348,"column":36}},"165":{"start":{"line":351,"column":4},"end":{"line":353,"column":7}},"166":{"start":{"line":352,"column":8},"end":{"line":352,"column":35}},"167":{"start":{"line":356,"column":4},"end":{"line":358,"column":7}},"168":{"start":{"line":357,"column":8},"end":{"line":357,"column":34}},"169":{"start":{"line":366,"column":18},"end":{"line":366,"column":62}},"170":{"start":{"line":367,"column":16},"end":{"line":367,"column":58}},"171":{"start":{"line":371,"column":4},"end":{"line":371,"column":35}},"172":{"start":{"line":372,"column":4},"end":{"line":372,"column":33}},"173":{"start":{"line":382,"column":4},"end":{"line":382,"column":57}},"174":{"start":{"line":385,"column":19},"end":{"line":385,"column":63}},"175":{"start":{"line":386,"column":21},"end":{"line":386,"column":35}},"176":{"start":{"line":388,"column":4},"end":{"line":391,"column":5}},"177":{"start":{"line":389,"column":8},"end":{"line":389,"column":25}},"178":{"start":{"line":390,"column":8},"end":{"line":390,"column":15}},"179":{"start":{"line":393,"column":24},"end":{"line":402,"column":5}},"180":{"start":{"line":395,"column":15},"end":{"line":395,"column":56}},"181":{"start":{"line":395,"column":37},"end":{"line":395,"column":55}},"182":{"start":{"line":396,"column":4},"end":{"line":396,"column":27}},"183":{"start":{"line":397,"column":4},"end":{"line":397,"column":60}},"184":{"start":{"line":398,"column":4},"end":{"line":398,"column":60}},"185":{"start":{"line":399,"column":4},"end":{"line":399,"column":23}},"186":{"start":{"line":400,"column":4},"end":{"line":400,"column":18}},"187":{"start":{"line":404,"column":23},"end":{"line":407,"column":5}},"188":{"start":{"line":405,"column":8},"end":{"line":405,"column":27}},"189":{"start":{"line":406,"column":8},"end":{"line":406,"column":56}},"190":{"start":{"line":409,"column":4},"end":{"line":409,"column":94}},"191":{"start":{"line":415,"column":16},"end":{"line":415,"column":57}},"192":{"start":{"line":416,"column":15},"end":{"line":416,"column":53}},"193":{"start":{"line":416,"column":34},"end":{"line":416,"column":52}},"194":{"start":{"line":418,"column":19},"end":{"line":418,"column":63}},"195":{"start":{"line":420,"column":4},"end":{"line":420,"column":31}},"196":{"start":{"line":421,"column":4},"end":{"line":421,"column":23}},"197":{"start":{"line":427,"column":19},"end":{"line":427,"column":55}},"198":{"start":{"line":428,"column":18},"end":{"line":428,"column":20}},"199":{"start":{"line":431,"column":4},"end":{"line":441,"column":5}},"200":{"start":{"line":433,"column":12},"end":{"line":433,"column":66}},"201":{"start":{"line":434,"column":12},"end":{"line":434,"column":18}},"202":{"start":{"line":436,"column":12},"end":{"line":436,"column":78}},"203":{"start":{"line":437,"column":12},"end":{"line":437,"column":18}},"204":{"start":{"line":439,"column":12},"end":{"line":439,"column":76}},"205":{"start":{"line":440,"column":12},"end":{"line":440,"column":18}},"206":{"start":{"line":443,"column":4},"end":{"line":471,"column":7}},"207":{"start":{"line":445,"column":8},"end":{"line":445,"column":61}},"208":{"start":{"line":450,"column":8},"end":{"line":464,"column":9}},"209":{"start":{"line":452,"column":16},"end":{"line":452,"column":49}},"210":{"start":{"line":453,"column":16},"end":{"line":453,"column":57}},"211":{"start":{"line":454,"column":16},"end":{"line":454,"column":34}},"212":{"start":{"line":455,"column":16},"end":{"line":455,"column":22}},"213":{"start":{"line":457,"column":40},"end":{"line":457,"column":79}},"214":{"start":{"line":457,"column":64},"end":{"line":457,"column":78}},"215":{"start":{"line":458,"column":16},"end":{"line":458,"column":79}},"216":{"start":{"line":459,"column":16},"end":{"line":459,"column":22}},"217":{"start":{"line":461,"column":39},"end":{"line":461,"column":79}},"218":{"start":{"line":461,"column":63},"end":{"line":461,"column":78}},"219":{"start":{"line":462,"column":16},"end":{"line":462,"column":78}},"220":{"start":{"line":463,"column":16},"end":{"line":463,"column":22}},"221":{"start":{"line":466,"column":8},"end":{"line":466,"column":104}},"222":{"start":{"line":467,"column":8},"end":{"line":467,"column":22}},"223":{"start":{"line":470,"column":8},"end":{"line":470,"column":58}},"224":{"start":{"line":477,"column":19},"end":{"line":477,"column":66}},"225":{"start":{"line":478,"column":4},"end":{"line":478,"column":110}},"226":{"start":{"line":478,"column":33},"end":{"line":478,"column":108}},"227":{"start":{"line":484,"column":25},"end":{"line":484,"column":64}},"228":{"start":{"line":485,"column":4},"end":{"line":485,"column":30}},"229":{"start":{"line":485,"column":23},"end":{"line":485,"column":30}},"230":{"start":{"line":487,"column":4},"end":{"line":487,"column":36}},"231":{"start":{"line":488,"column":4},"end":{"line":488,"column":47}},"232":{"start":{"line":489,"column":4},"end":{"line":489,"column":46}},"233":{"start":{"line":491,"column":4},"end":{"line":494,"column":13}},"234":{"start":{"line":492,"column":8},"end":{"line":492,"column":38}},"235":{"start":{"line":493,"column":8},"end":{"line":493,"column":49}},"236":{"start":{"line":498,"column":24},"end":{"line":498,"column":63}},"237":{"start":{"line":499,"column":26},"end":{"line":499,"column":67}},"238":{"start":{"line":500,"column":25},"end":{"line":500,"column":65}},"239":{"start":{"line":502,"column":4},"end":{"line":502,"column":22}},"240":{"start":{"line":503,"column":4},"end":{"line":503,"column":38}},"241":{"start":{"line":505,"column":4},"end":{"line":508,"column":6}},"242":{"start":{"line":506,"column":8},"end":{"line":506,"column":20}},"243":{"start":{"line":507,"column":8},"end":{"line":507,"column":27}},"244":{"start":{"line":510,"column":4},"end":{"line":513,"column":6}},"245":{"start":{"line":511,"column":8},"end":{"line":511,"column":19}},"246":{"start":{"line":512,"column":8},"end":{"line":512,"column":27}},"247":{"start":{"line":517,"column":27},"end":{"line":517,"column":69}},"248":{"start":{"line":518,"column":4},"end":{"line":518,"column":61}},"249":{"start":{"line":523,"column":0},"end":{"line":547,"column":2}}},"fnMap":{"0":{"name":"(anonymous_0)","decl":{"start":{"line":15,"column":46},"end":{"line":15,"column":47}},"loc":{"start":{"line":15,"column":52},"end":{"line":20,"column":1}},"line":15},"1":{"name":"(anonymous_1)","decl":{"start":{"line":23,"column":62},"end":{"line":23,"column":63}},"loc":{"start":{"line":23,"column":71},"end":{"line":29,"column":1}},"line":23},"2":{"name":"(anonymous_2)","decl":{"start":{"line":24,"column":37},"end":{"line":24,"column":38}},"loc":{"start":{"line":24,"column":44},"end":{"line":28,"column":5}},"line":24},"3":{"name":"(anonymous_3)","decl":{"start":{"line":31,"column":34},"end":{"line":31,"column":35}},"loc":{"start":{"line":31,"column":40},"end":{"line":33,"column":1}},"line":31},"4":{"name":"(anonymous_4)","decl":{"start":{"line":35,"column":35},"end":{"line":35,"column":36}},"loc":{"start":{"line":35,"column":41},"end":{"line":37,"column":1}},"line":35},"5":{"name":"(anonymous_5)","decl":{"start":{"line":39,"column":58},"end":{"line":39,"column":59}},"loc":{"start":{"line":39,"column":69},"end":{"line":42,"column":1}},"line":39},"6":{"name":"(anonymous_6)","decl":{"start":{"line":44,"column":62},"end":{"line":44,"column":63}},"loc":{"start":{"line":44,"column":71},"end":{"line":48,"column":1}},"line":44},"7":{"name":"(anonymous_7)","decl":{"start":{"line":45,"column":37},"end":{"line":45,"column":38}},"loc":{"start":{"line":45,"column":48},"end":{"line":47,"column":5}},"line":45},"8":{"name":"renderTasks","decl":{"start":{"line":55,"column":9},"end":{"line":55,"column":20}},"loc":{"start":{"line":55,"column":23},"end":{"line":73,"column":1}},"line":55},"9":{"name":"(anonymous_9)","decl":{"start":{"line":68,"column":26},"end":{"line":68,"column":27}},"loc":{"start":{"line":68,"column":34},"end":{"line":70,"column":5}},"line":68},"10":{"name":"renderEachTask","decl":{"start":{"line":75,"column":9},"end":{"line":75,"column":23}},"loc":{"start":{"line":75,"column":30},"end":{"line":82,"column":1}},"line":75},"11":{"name":"clearTaskList","decl":{"start":{"line":84,"column":9},"end":{"line":84,"column":22}},"loc":{"start":{"line":84,"column":25},"end":{"line":89,"column":1}},"line":84},"12":{"name":"addTask","decl":{"start":{"line":91,"column":9},"end":{"line":91,"column":16}},"loc":{"start":{"line":91,"column":19},"end":{"line":130,"column":1}},"line":91},"13":{"name":"validateInput","decl":{"start":{"line":132,"column":9},"end":{"line":132,"column":22}},"loc":{"start":{"line":132,"column":49},"end":{"line":146,"column":1}},"line":132},"14":{"name":"createTaskElement","decl":{"start":{"line":149,"column":9},"end":{"line":149,"column":26}},"loc":{"start":{"line":149,"column":33},"end":{"line":199,"column":1}},"line":149},"15":{"name":"(anonymous_15)","decl":{"start":{"line":186,"column":74},"end":{"line":186,"column":75}},"loc":{"start":{"line":186,"column":80},"end":{"line":186,"column":97}},"line":186},"16":{"name":"(anonymous_16)","decl":{"start":{"line":187,"column":79},"end":{"line":187,"column":80}},"loc":{"start":{"line":187,"column":85},"end":{"line":193,"column":5}},"line":187},"17":{"name":"(anonymous_17)","decl":{"start":{"line":194,"column":81},"end":{"line":194,"column":82}},"loc":{"start":{"line":194,"column":87},"end":{"line":194,"column":106}},"line":194},"18":{"name":"(anonymous_18)","decl":{"start":{"line":195,"column":79},"end":{"line":195,"column":80}},"loc":{"start":{"line":195,"column":85},"end":{"line":195,"column":102}},"line":195},"19":{"name":"(anonymous_19)","decl":{"start":{"line":196,"column":81},"end":{"line":196,"column":82}},"loc":{"start":{"line":196,"column":87},"end":{"line":196,"column":106}},"line":196},"20":{"name":"displayTaskCounts","decl":{"start":{"line":201,"column":9},"end":{"line":201,"column":26}},"loc":{"start":{"line":201,"column":42},"end":{"line":237,"column":1}},"line":201},"21":{"name":"(anonymous_21)","decl":{"start":{"line":205,"column":41},"end":{"line":205,"column":42}},"loc":{"start":{"line":205,"column":49},"end":{"line":205,"column":64}},"line":205},"22":{"name":"filterTasks","decl":{"start":{"line":240,"column":9},"end":{"line":240,"column":20}},"loc":{"start":{"line":240,"column":36},"end":{"line":251,"column":1}},"line":240},"23":{"name":"(anonymous_23)","decl":{"start":{"line":244,"column":32},"end":{"line":244,"column":33}},"loc":{"start":{"line":244,"column":40},"end":{"line":244,"column":55}},"line":244},"24":{"name":"(anonymous_24)","decl":{"start":{"line":246,"column":32},"end":{"line":246,"column":33}},"loc":{"start":{"line":246,"column":40},"end":{"line":246,"column":54}},"line":246},"25":{"name":"toggleTaskListVisibility","decl":{"start":{"line":254,"column":9},"end":{"line":254,"column":33}},"loc":{"start":{"line":254,"column":41},"end":{"line":277,"column":1}},"line":254},"26":{"name":"checkBox","decl":{"start":{"line":280,"column":9},"end":{"line":280,"column":17}},"loc":{"start":{"line":280,"column":26},"end":{"line":288,"column":1}},"line":280},"27":{"name":"(anonymous_27)","decl":{"start":{"line":283,"column":29},"end":{"line":283,"column":30}},"loc":{"start":{"line":283,"column":37},"end":{"line":283,"column":55}},"line":283},"28":{"name":"deleteTask","decl":{"start":{"line":291,"column":9},"end":{"line":291,"column":19}},"loc":{"start":{"line":291,"column":28},"end":{"line":305,"column":1}},"line":291},"29":{"name":"(anonymous_29)","decl":{"start":{"line":292,"column":60},"end":{"line":292,"column":61}},"loc":{"start":{"line":292,"column":66},"end":{"line":302,"column":5}},"line":292},"30":{"name":"(anonymous_30)","decl":{"start":{"line":296,"column":35},"end":{"line":296,"column":36}},"loc":{"start":{"line":296,"column":43},"end":{"line":296,"column":61}},"line":296},"31":{"name":"(anonymous_31)","decl":{"start":{"line":302,"column":7},"end":{"line":302,"column":8}},"loc":{"start":{"line":302,"column":13},"end":{"line":304,"column":5}},"line":302},"32":{"name":"toggleEdit","decl":{"start":{"line":307,"column":9},"end":{"line":307,"column":19}},"loc":{"start":{"line":307,"column":28},"end":{"line":322,"column":1}},"line":307},"33":{"name":"(anonymous_33)","decl":{"start":{"line":318,"column":39},"end":{"line":318,"column":40}},"loc":{"start":{"line":318,"column":45},"end":{"line":320,"column":5}},"line":318},"34":{"name":"toggleSave","decl":{"start":{"line":324,"column":9},"end":{"line":324,"column":19}},"loc":{"start":{"line":324,"column":28},"end":{"line":333,"column":1}},"line":324},"35":{"name":"disableOtherElements","decl":{"start":{"line":335,"column":9},"end":{"line":335,"column":29}},"loc":{"start":{"line":335,"column":40},"end":{"line":360,"column":1}},"line":335},"36":{"name":"(anonymous_36)","decl":{"start":{"line":351,"column":27},"end":{"line":351,"column":28}},"loc":{"start":{"line":351,"column":37},"end":{"line":353,"column":5}},"line":351},"37":{"name":"(anonymous_37)","decl":{"start":{"line":356,"column":25},"end":{"line":356,"column":26}},"loc":{"start":{"line":356,"column":34},"end":{"line":358,"column":5}},"line":356},"38":{"name":"toggleTaskControls","decl":{"start":{"line":363,"column":9},"end":{"line":363,"column":27}},"loc":{"start":{"line":363,"column":46},"end":{"line":375,"column":1}},"line":363},"39":{"name":"saveTask","decl":{"start":{"line":378,"column":9},"end":{"line":378,"column":17}},"loc":{"start":{"line":378,"column":26},"end":{"line":410,"column":1}},"line":378},"40":{"name":"(anonymous_40)","decl":{"start":{"line":393,"column":24},"end":{"line":393,"column":25}},"loc":{"start":{"line":393,"column":30},"end":{"line":402,"column":5}},"line":393},"41":{"name":"(anonymous_41)","decl":{"start":{"line":395,"column":29},"end":{"line":395,"column":30}},"loc":{"start":{"line":395,"column":37},"end":{"line":395,"column":55}},"line":395},"42":{"name":"(anonymous_42)","decl":{"start":{"line":404,"column":23},"end":{"line":404,"column":24}},"loc":{"start":{"line":404,"column":29},"end":{"line":407,"column":5}},"line":404},"43":{"name":"cancelEdit","decl":{"start":{"line":413,"column":9},"end":{"line":413,"column":19}},"loc":{"start":{"line":413,"column":28},"end":{"line":423,"column":1}},"line":413},"44":{"name":"(anonymous_44)","decl":{"start":{"line":416,"column":26},"end":{"line":416,"column":27}},"loc":{"start":{"line":416,"column":34},"end":{"line":416,"column":52}},"line":416},"45":{"name":"clearTasks","decl":{"start":{"line":426,"column":9},"end":{"line":426,"column":19}},"loc":{"start":{"line":426,"column":22},"end":{"line":472,"column":1}},"line":426},"46":{"name":"(anonymous_46)","decl":{"start":{"line":443,"column":23},"end":{"line":443,"column":24}},"loc":{"start":{"line":443,"column":29},"end":{"line":469,"column":5}},"line":443},"47":{"name":"(anonymous_47)","decl":{"start":{"line":457,"column":56},"end":{"line":457,"column":57}},"loc":{"start":{"line":457,"column":64},"end":{"line":457,"column":78}},"line":457},"48":{"name":"(anonymous_48)","decl":{"start":{"line":461,"column":55},"end":{"line":461,"column":56}},"loc":{"start":{"line":461,"column":63},"end":{"line":461,"column":78}},"line":461},"49":{"name":"(anonymous_49)","decl":{"start":{"line":469,"column":7},"end":{"line":469,"column":8}},"loc":{"start":{"line":469,"column":13},"end":{"line":471,"column":5}},"line":469},"50":{"name":"isTaskAlreadyExists","decl":{"start":{"line":475,"column":9},"end":{"line":475,"column":28}},"loc":{"start":{"line":475,"column":50},"end":{"line":480,"column":1}},"line":475},"51":{"name":"(anonymous_51)","decl":{"start":{"line":478,"column":25},"end":{"line":478,"column":26}},"loc":{"start":{"line":478,"column":33},"end":{"line":478,"column":108}},"line":478},"52":{"name":"showNotification","decl":{"start":{"line":483,"column":9},"end":{"line":483,"column":25}},"loc":{"start":{"line":483,"column":65},"end":{"line":495,"column":1}},"line":483},"53":{"name":"(anonymous_53)","decl":{"start":{"line":491,"column":15},"end":{"line":491,"column":16}},"loc":{"start":{"line":491,"column":21},"end":{"line":494,"column":5}},"line":491},"54":{"name":"showToast","decl":{"start":{"line":497,"column":9},"end":{"line":497,"column":18}},"loc":{"start":{"line":497,"column":49},"end":{"line":514,"column":1}},"line":497},"55":{"name":"(anonymous_55)","decl":{"start":{"line":505,"column":28},"end":{"line":505,"column":29}},"loc":{"start":{"line":505,"column":34},"end":{"line":508,"column":5}},"line":505},"56":{"name":"(anonymous_56)","decl":{"start":{"line":510,"column":27},"end":{"line":510,"column":28}},"loc":{"start":{"line":510,"column":33},"end":{"line":513,"column":5}},"line":510},"57":{"name":"toggleToast","decl":{"start":{"line":516,"column":9},"end":{"line":516,"column":20}},"loc":{"start":{"line":516,"column":30},"end":{"line":519,"column":1}},"line":516}},"branchMap":{"0":{"loc":{"start":{"line":11,"column":20},"end":{"line":11,"column":72}},"type":"binary-expr","locations":[{"start":{"line":11,"column":20},"end":{"line":11,"column":67}},{"start":{"line":11,"column":71},"end":{"line":11,"column":72}}],"line":11},"1":{"loc":{"start":{"line":16,"column":24},"end":{"line":16,"column":69}},"type":"binary-expr","locations":[{"start":{"line":16,"column":24},"end":{"line":16,"column":60}},{"start":{"line":16,"column":64},"end":{"line":16,"column":69}}],"line":16},"2":{"loc":{"start":{"line":58,"column":15},"end":{"line":58,"column":93}},"type":"cond-expr","locations":[{"start":{"line":58,"column":47},"end":{"line":58,"column":88}},{"start":{"line":58,"column":91},"end":{"line":58,"column":93}}],"line":58},"3":{"loc":{"start":{"line":61,"column":19},"end":{"line":61,"column":64}},"type":"binary-expr","locations":[{"start":{"line":61,"column":19},"end":{"line":61,"column":55}},{"start":{"line":61,"column":59},"end":{"line":61,"column":64}}],"line":61},"4":{"loc":{"start":{"line":98,"column":4},"end":{"line":105,"column":5}},"type":"if","locations":[{"start":{"line":98,"column":4},"end":{"line":105,"column":5}},{"start":{},"end":{}}],"line":98},"5":{"loc":{"start":{"line":115,"column":15},"end":{"line":115,"column":93}},"type":"cond-expr","locations":[{"start":{"line":115,"column":47},"end":{"line":115,"column":88}},{"start":{"line":115,"column":91},"end":{"line":115,"column":93}}],"line":115},"6":{"loc":{"start":{"line":132,"column":33},"end":{"line":132,"column":47}},"type":"default-arg","locations":[{"start":{"line":132,"column":45},"end":{"line":132,"column":47}}],"line":132},"7":{"loc":{"start":{"line":134,"column":4},"end":{"line":143,"column":5}},"type":"if","locations":[{"start":{"line":134,"column":4},"end":{"line":143,"column":5}},{"start":{"line":137,"column":11},"end":{"line":143,"column":5}}],"line":134},"8":{"loc":{"start":{"line":137,"column":11},"end":{"line":143,"column":5}},"type":"if","locations":[{"start":{"line":137,"column":11},"end":{"line":143,"column":5}},{"start":{"line":140,"column":11},"end":{"line":143,"column":5}}],"line":137},"9":{"loc":{"start":{"line":140,"column":11},"end":{"line":143,"column":5}},"type":"if","locations":[{"start":{"line":140,"column":11},"end":{"line":143,"column":5}},{"start":{},"end":{}}],"line":140},"10":{"loc":{"start":{"line":152,"column":26},"end":{"line":152,"column":54}},"type":"cond-expr","locations":[{"start":{"line":152,"column":43},"end":{"line":152,"column":48}},{"start":{"line":152,"column":51},"end":{"line":152,"column":54}}],"line":152},"11":{"loc":{"start":{"line":161,"column":28},"end":{"line":161,"column":79}},"type":"cond-expr","locations":[{"start":{"line":161,"column":45},"end":{"line":161,"column":59}},{"start":{"line":161,"column":62},"end":{"line":161,"column":79}}],"line":161},"12":{"loc":{"start":{"line":172,"column":28},"end":{"line":172,"column":79}},"type":"cond-expr","locations":[{"start":{"line":172,"column":45},"end":{"line":172,"column":59}},{"start":{"line":172,"column":62},"end":{"line":172,"column":79}}],"line":172},"13":{"loc":{"start":{"line":188,"column":8},"end":{"line":192,"column":9}},"type":"if","locations":[{"start":{"line":188,"column":8},"end":{"line":192,"column":9}},{"start":{"line":190,"column":13},"end":{"line":192,"column":9}}],"line":188},"14":{"loc":{"start":{"line":211,"column":4},"end":{"line":235,"column":5}},"type":"switch","locations":[{"start":{"line":212,"column":8},"end":{"line":218,"column":18}},{"start":{"line":219,"column":8},"end":{"line":225,"column":18}},{"start":{"line":226,"column":8},"end":{"line":232,"column":18}},{"start":{"line":233,"column":8},"end":{"line":234,"column":66}}],"line":211},"15":{"loc":{"start":{"line":213,"column":12},"end":{"line":217,"column":13}},"type":"if","locations":[{"start":{"line":213,"column":12},"end":{"line":217,"column":13}},{"start":{"line":215,"column":19},"end":{"line":217,"column":13}}],"line":213},"16":{"loc":{"start":{"line":216,"column":44},"end":{"line":216,"column":154}},"type":"cond-expr","locations":[{"start":{"line":216,"column":68},"end":{"line":216,"column":109}},{"start":{"line":216,"column":112},"end":{"line":216,"column":154}}],"line":216},"17":{"loc":{"start":{"line":220,"column":12},"end":{"line":224,"column":13}},"type":"if","locations":[{"start":{"line":220,"column":12},"end":{"line":224,"column":13}},{"start":{"line":222,"column":19},"end":{"line":224,"column":13}}],"line":220},"18":{"loc":{"start":{"line":223,"column":44},"end":{"line":223,"column":159}},"type":"cond-expr","locations":[{"start":{"line":223,"column":67},"end":{"line":223,"column":111}},{"start":{"line":223,"column":114},"end":{"line":223,"column":159}}],"line":223},"19":{"loc":{"start":{"line":227,"column":12},"end":{"line":231,"column":13}},"type":"if","locations":[{"start":{"line":227,"column":12},"end":{"line":231,"column":13}},{"start":{"line":229,"column":19},"end":{"line":231,"column":13}}],"line":227},"20":{"loc":{"start":{"line":230,"column":44},"end":{"line":230,"column":149}},"type":"cond-expr","locations":[{"start":{"line":230,"column":63},"end":{"line":230,"column":104}},{"start":{"line":230,"column":107},"end":{"line":230,"column":149}}],"line":230},"21":{"loc":{"start":{"line":242,"column":4},"end":{"line":249,"column":5}},"type":"switch","locations":[{"start":{"line":243,"column":8},"end":{"line":244,"column":57}},{"start":{"line":245,"column":8},"end":{"line":246,"column":56}},{"start":{"line":247,"column":8},"end":{"line":248,"column":25}}],"line":242},"22":{"loc":{"start":{"line":264,"column":8},"end":{"line":275,"column":9}},"type":"if","locations":[{"start":{"line":264,"column":8},"end":{"line":275,"column":9}},{"start":{"line":270,"column":15},"end":{"line":275,"column":9}}],"line":264},"23":{"loc":{"start":{"line":388,"column":4},"end":{"line":391,"column":5}},"type":"if","locations":[{"start":{"line":388,"column":4},"end":{"line":391,"column":5}},{"start":{},"end":{}}],"line":388},"24":{"loc":{"start":{"line":431,"column":4},"end":{"line":441,"column":5}},"type":"switch","locations":[{"start":{"line":432,"column":8},"end":{"line":434,"column":18}},{"start":{"line":435,"column":8},"end":{"line":437,"column":18}},{"start":{"line":438,"column":8},"end":{"line":440,"column":18}}],"line":431},"25":{"loc":{"start":{"line":450,"column":8},"end":{"line":464,"column":9}},"type":"switch","locations":[{"start":{"line":451,"column":12},"end":{"line":455,"column":22}},{"start":{"line":456,"column":12},"end":{"line":459,"column":22}},{"start":{"line":460,"column":12},"end":{"line":463,"column":22}}],"line":450},"26":{"loc":{"start":{"line":477,"column":19},"end":{"line":477,"column":66}},"type":"binary-expr","locations":[{"start":{"line":477,"column":19},"end":{"line":477,"column":60}},{"start":{"line":477,"column":64},"end":{"line":477,"column":66}}],"line":477},"27":{"loc":{"start":{"line":478,"column":33},"end":{"line":478,"column":108}},"type":"binary-expr","locations":[{"start":{"line":478,"column":33},"end":{"line":478,"column":83}},{"start":{"line":478,"column":87},"end":{"line":478,"column":108}}],"line":478},"28":{"loc":{"start":{"line":483,"column":26},"end":{"line":483,"column":47}},"type":"default-arg","locations":[{"start":{"line":483,"column":33},"end":{"line":483,"column":47}}],"line":483},"29":{"loc":{"start":{"line":483,"column":49},"end":{"line":483,"column":63}},"type":"default-arg","locations":[{"start":{"line":483,"column":57},"end":{"line":483,"column":63}}],"line":483},"30":{"loc":{"start":{"line":485,"column":4},"end":{"line":485,"column":30}},"type":"if","locations":[{"start":{"line":485,"column":4},"end":{"line":485,"column":30}},{"start":{},"end":{}}],"line":485},"31":{"loc":{"start":{"line":518,"column":35},"end":{"line":518,"column":60}},"type":"cond-expr","locations":[{"start":{"line":518,"column":45},"end":{"line":518,"column":51}},{"start":{"line":518,"column":54},"end":{"line":518,"column":60}}],"line":518}},"s":{"0":80,"1":80,"2":80,"3":80,"4":80,"5":80,"6":80,"7":80,"8":8,"9":8,"10":8,"11":80,"12":240,"13":8,"14":8,"15":8,"16":80,"17":12,"18":80,"19":2,"20":80,"21":68,"22":68,"23":80,"24":240,"25":8,"26":80,"27":184,"28":184,"29":184,"30":184,"31":184,"32":184,"33":198,"34":184,"35":204,"36":204,"37":204,"38":190,"39":190,"40":94,"41":94,"42":94,"43":16,"44":16,"45":16,"46":16,"47":78,"48":78,"49":78,"50":78,"51":78,"52":78,"53":78,"54":78,"55":78,"56":78,"57":78,"58":78,"59":118,"60":12,"61":12,"62":106,"63":8,"64":8,"65":98,"66":10,"67":10,"68":88,"69":210,"70":210,"71":210,"72":210,"73":210,"74":210,"75":12,"76":210,"77":16,"78":14,"79":2,"80":210,"81":4,"82":210,"83":8,"84":210,"85":2,"86":210,"87":204,"88":204,"89":244,"90":204,"91":204,"92":204,"93":16,"94":6,"95":10,"96":16,"97":18,"98":8,"99":10,"100":18,"101":168,"102":22,"103":146,"104":168,"105":2,"106":208,"107":16,"108":28,"109":18,"110":28,"111":174,"112":188,"113":188,"114":188,"115":188,"116":188,"117":188,"118":24,"119":24,"120":24,"121":24,"122":24,"123":164,"124":164,"125":164,"126":164,"127":18,"128":18,"129":20,"130":18,"131":18,"132":18,"133":12,"134":8,"135":8,"136":14,"137":8,"138":8,"139":8,"140":4,"141":20,"142":20,"143":20,"144":20,"145":20,"146":20,"147":20,"148":20,"149":20,"150":20,"151":4,"152":16,"153":16,"154":16,"155":16,"156":16,"157":40,"158":40,"159":40,"160":40,"161":40,"162":40,"163":40,"164":40,"165":40,"166":120,"167":40,"168":120,"169":44,"170":44,"171":44,"172":44,"173":18,"174":18,"175":18,"176":18,"177":10,"178":10,"179":8,"180":4,"181":4,"182":4,"183":4,"184":4,"185":4,"186":4,"187":8,"188":4,"189":4,"190":8,"191":10,"192":10,"193":10,"194":10,"195":10,"196":10,"197":26,"198":26,"199":26,"200":14,"201":14,"202":6,"203":6,"204":6,"205":6,"206":26,"207":16,"208":16,"209":8,"210":8,"211":8,"212":8,"213":4,"214":8,"215":4,"216":4,"217":4,"218":8,"219":4,"220":4,"221":16,"222":16,"223":4,"224":110,"225":110,"226":52,"227":164,"228":164,"229":2,"230":162,"231":162,"232":162,"233":162,"234":2,"235":2,"236":54,"237":54,"238":54,"239":54,"240":54,"241":54,"242":30,"243":30,"244":54,"245":14,"246":14,"247":112,"248":112,"249":80},"f":{"0":8,"1":240,"2":8,"3":12,"4":2,"5":68,"6":240,"7":8,"8":184,"9":198,"10":204,"11":190,"12":94,"13":118,"14":210,"15":12,"16":16,"17":4,"18":8,"19":2,"20":204,"21":244,"22":208,"23":28,"24":28,"25":188,"26":18,"27":20,"28":12,"29":8,"30":14,"31":4,"32":20,"33":4,"34":16,"35":40,"36":120,"37":120,"38":44,"39":18,"40":4,"41":4,"42":4,"43":10,"44":10,"45":26,"46":16,"47":8,"48":8,"49":4,"50":110,"51":52,"52":164,"53":2,"54":54,"55":30,"56":14,"57":112},"b":{"0":[80,80],"1":[8,6],"2":[168,16],"3":[184,56],"4":[16,78],"5":[18,60],"6":[94],"7":[12,106],"8":[8,98],"9":[10,88],"10":[26,184],"11":[26,184],"12":[26,184],"13":[14,2],"14":[16,18,168,2],"15":[6,10],"16":[6,4],"17":[8,10],"18":[8,2],"19":[22,146],"20":[108,38],"21":[16,18,174],"22":[24,164],"23":[10,8],"24":[14,6,6],"25":[8,4,4],"26":[110,64],"27":[52,16],"28":[4],"29":[6],"30":[2,162],"31":[60,52]},"_coverageSchema":"1a1c01bbd47fc00a2c39e90264f33305004495a9","hash":"f8bd10b98d7613742998356f0c06133a087d0b22"}
}
