TN:
SF:script.js
FN:16,(anonymous_0)
FN:24,(anonymous_1)
FN:25,(anonymous_2)
FN:32,(anonymous_3)
FN:36,(anonymous_4)
FN:40,(anonymous_5)
FN:45,(anonymous_6)
FN:46,(anonymous_7)
FN:56,renderTasks
FN:69,(anonymous_9)
FN:79,renderEachTask
FN:89,clearTaskList
FN:100,addTask
FN:143,validateInput
FN:163,createTaskElement
FN:200,(anonymous_15)
FN:201,(anonymous_16)
FN:208,(anonymous_17)
FN:209,(anonymous_18)
FN:210,(anonymous_19)
FN:220,displayTaskCounts
FN:224,(anonymous_21)
FN:262,filterTasks
FN:266,(anonymous_23)
FN:268,(anonymous_24)
FN:277,toggleTaskListVisibility
FN:304,checkBox
FN:307,(anonymous_27)
FN:317,deleteTask
FN:318,(anonymous_29)
FN:322,(anonymous_30)
FN:328,(anonymous_31)
FN:335,toggleEdit
FN:346,(anonymous_33)
FN:354,toggleSave
FN:366,disableOtherElements
FN:382,(anonymous_36)
FN:387,(anonymous_37)
FN:396,toggleTaskControls
FN:412,saveTask
FN:427,(anonymous_40)
FN:429,(anonymous_41)
FN:438,(anonymous_42)
FN:452,cancelEdit
FN:455,(anonymous_44)
FN:466,clearTasks
FN:483,(anonymous_46)
FN:497,(anonymous_47)
FN:501,(anonymous_48)
FN:509,(anonymous_49)
FN:516,isTaskAlreadyExists
FN:519,(anonymous_51)
FN:525,showNotification
FN:533,(anonymous_53)
FN:543,showToast
FN:556,handleKeyPress
FN:577,(anonymous_56)
FN:583,(anonymous_57)
FN:590,toggleToast
FNF:59
FNH:59
FNDA:4,(anonymous_0)
FNDA:153,(anonymous_1)
FNDA:4,(anonymous_2)
FNDA:6,(anonymous_3)
FNDA:1,(anonymous_4)
FNDA:34,(anonymous_5)
FNDA:153,(anonymous_6)
FNDA:4,(anonymous_7)
FNDA:92,renderTasks
FNDA:99,(anonymous_9)
FNDA:102,renderEachTask
FNDA:95,clearTaskList
FNDA:47,addTask
FNDA:59,validateInput
FNDA:105,createTaskElement
FNDA:6,(anonymous_15)
FNDA:8,(anonymous_16)
FNDA:2,(anonymous_17)
FNDA:4,(anonymous_18)
FNDA:1,(anonymous_19)
FNDA:102,displayTaskCounts
FNDA:122,(anonymous_21)
FNDA:104,filterTasks
FNDA:14,(anonymous_23)
FNDA:14,(anonymous_24)
FNDA:94,toggleTaskListVisibility
FNDA:9,checkBox
FNDA:10,(anonymous_27)
FNDA:6,deleteTask
FNDA:4,(anonymous_29)
FNDA:7,(anonymous_30)
FNDA:2,(anonymous_31)
FNDA:10,toggleEdit
FNDA:2,(anonymous_33)
FNDA:8,toggleSave
FNDA:20,disableOtherElements
FNDA:60,(anonymous_36)
FNDA:60,(anonymous_37)
FNDA:22,toggleTaskControls
FNDA:9,saveTask
FNDA:2,(anonymous_40)
FNDA:2,(anonymous_41)
FNDA:2,(anonymous_42)
FNDA:5,cancelEdit
FNDA:5,(anonymous_44)
FNDA:13,clearTasks
FNDA:8,(anonymous_46)
FNDA:4,(anonymous_47)
FNDA:4,(anonymous_48)
FNDA:2,(anonymous_49)
FNDA:55,isTaskAlreadyExists
FNDA:26,(anonymous_51)
FNDA:82,showNotification
FNDA:1,(anonymous_53)
FNDA:30,showToast
FNDA:4,handleKeyPress
FNDA:15,(anonymous_56)
FNDA:7,(anonymous_57)
FNDA:62,toggleToast
DA:2,51
DA:3,51
DA:4,51
DA:5,51
DA:6,51
DA:7,51
DA:11,51
DA:16,51
DA:17,4
DA:18,4
DA:19,4
DA:24,51
DA:25,153
DA:26,4
DA:27,4
DA:28,4
DA:32,51
DA:33,6
DA:36,51
DA:37,1
DA:40,51
DA:41,34
DA:42,34
DA:45,51
DA:46,153
DA:47,4
DA:51,51
DA:59,92
DA:62,92
DA:64,92
DA:66,92
DA:67,92
DA:69,92
DA:70,99
DA:73,92
DA:81,102
DA:82,102
DA:83,102
DA:91,95
DA:92,95
DA:102,47
DA:103,47
DA:107,47
DA:108,8
DA:109,8
DA:110,8
DA:113,8
DA:116,39
DA:124,39
DA:125,39
DA:126,39
DA:127,39
DA:128,39
DA:131,39
DA:132,39
DA:133,39
DA:135,39
DA:137,39
DA:138,39
DA:145,59
DA:146,7
DA:147,7
DA:148,52
DA:149,3
DA:150,3
DA:151,49
DA:152,5
DA:153,5
DA:155,44
DA:164,105
DA:165,105
DA:166,105
DA:169,105
DA:197,105
DA:200,105
DA:201,105
DA:202,8
DA:203,7
DA:205,1
DA:208,105
DA:209,105
DA:210,105
DA:212,105
DA:223,102
DA:224,122
DA:225,102
DA:227,102
DA:230,102
DA:232,8
DA:233,3
DA:235,5
DA:237,8
DA:239,9
DA:240,4
DA:242,5
DA:244,9
DA:246,84
DA:247,11
DA:249,73
DA:251,84
DA:253,1
DA:264,104
DA:266,14
DA:268,14
DA:270,87
DA:280,94
DA:281,94
DA:282,94
DA:283,94
DA:284,94
DA:287,94
DA:288,12
DA:289,12
DA:290,12
DA:291,12
DA:292,12
DA:294,82
DA:295,82
DA:296,82
DA:297,82
DA:306,9
DA:307,10
DA:308,9
DA:309,9
DA:310,9
DA:318,6
DA:321,4
DA:322,7
DA:323,4
DA:326,4
DA:327,4
DA:329,2
DA:337,10
DA:338,10
DA:339,10
DA:340,10
DA:341,10
DA:342,10
DA:343,10
DA:344,10
DA:345,10
DA:346,10
DA:347,2
DA:356,8
DA:358,8
DA:360,8
DA:361,8
DA:362,8
DA:369,20
DA:370,20
DA:371,20
DA:372,20
DA:373,20
DA:377,20
DA:378,20
DA:379,20
DA:382,20
DA:383,60
DA:387,20
DA:388,60
DA:399,22
DA:400,22
DA:404,22
DA:405,22
DA:416,9
DA:419,9
DA:420,9
DA:422,9
DA:423,5
DA:424,5
DA:427,4
DA:429,2
DA:430,2
DA:431,2
DA:432,2
DA:433,2
DA:434,2
DA:438,4
DA:439,2
DA:440,2
DA:443,4
DA:454,5
DA:455,5
DA:457,5
DA:459,5
DA:460,5
DA:467,13
DA:468,13
DA:471,13
DA:473,7
DA:474,7
DA:476,3
DA:477,3
DA:479,3
DA:480,3
DA:483,13
DA:485,8
DA:490,8
DA:492,4
DA:493,4
DA:494,4
DA:495,4
DA:497,4
DA:498,2
DA:499,2
DA:501,4
DA:502,2
DA:503,2
DA:506,8
DA:507,8
DA:510,2
DA:518,55
DA:519,55
DA:526,82
DA:527,82
DA:529,81
DA:530,81
DA:531,81
DA:533,81
DA:534,1
DA:535,1
DA:544,30
DA:545,30
DA:546,30
DA:547,30
DA:552,30
DA:553,30
DA:557,4
DA:558,2
DA:559,2
DA:560,2
DA:561,2
DA:562,2
DA:563,1
DA:564,1
DA:565,1
DA:566,1
DA:569,1
DA:574,30
DA:577,30
DA:578,15
DA:579,15
DA:580,15
DA:583,30
DA:584,7
DA:585,7
DA:586,7
DA:591,62
DA:592,62
DA:599,51
DA:600,51
DA:601,51
DA:602,51
DA:603,51
DA:604,51
DA:605,51
DA:606,51
DA:607,51
DA:608,51
DA:609,51
DA:610,51
DA:612,51
DA:613,51
DA:614,51
DA:615,51
DA:616,51
DA:617,51
DA:618,51
DA:619,51
DA:620,51
DA:621,51
DA:622,51
DA:623,51
LF:273
LH:273
BRDA:11,0,0,51
BRDA:11,0,1,51
BRDA:17,1,0,4
BRDA:17,1,1,3
BRDA:59,2,0,84
BRDA:59,2,1,8
BRDA:62,3,0,92
BRDA:62,3,1,28
BRDA:107,4,0,8
BRDA:107,4,1,39
BRDA:124,5,0,9
BRDA:124,5,1,30
BRDA:143,6,0,47
BRDA:145,7,0,7
BRDA:145,7,1,52
BRDA:148,8,0,3
BRDA:148,8,1,49
BRDA:151,9,0,5
BRDA:151,9,1,44
BRDA:166,10,0,13
BRDA:166,10,1,92
BRDA:175,11,0,13
BRDA:175,11,1,92
BRDA:186,12,0,13
BRDA:186,12,1,92
BRDA:202,13,0,7
BRDA:202,13,1,1
BRDA:230,14,0,8
BRDA:230,14,1,9
BRDA:230,14,2,84
BRDA:230,14,3,1
BRDA:232,15,0,3
BRDA:232,15,1,5
BRDA:235,16,0,3
BRDA:235,16,1,2
BRDA:239,17,0,4
BRDA:239,17,1,5
BRDA:242,18,0,4
BRDA:242,18,1,1
BRDA:246,19,0,11
BRDA:246,19,1,73
BRDA:249,20,0,54
BRDA:249,20,1,19
BRDA:264,21,0,8
BRDA:264,21,1,9
BRDA:264,21,2,87
BRDA:287,22,0,12
BRDA:287,22,1,82
BRDA:422,23,0,5
BRDA:422,23,1,4
BRDA:471,24,0,7
BRDA:471,24,1,3
BRDA:471,24,2,3
BRDA:490,25,0,4
BRDA:490,25,1,2
BRDA:490,25,2,2
BRDA:518,26,0,55
BRDA:518,26,1,32
BRDA:519,27,0,26
BRDA:519,27,1,8
BRDA:525,28,0,2
BRDA:525,29,0,3
BRDA:527,30,0,1
BRDA:527,30,1,81
BRDA:557,31,0,2
BRDA:557,31,1,2
BRDA:562,32,0,1
BRDA:562,32,1,1
BRDA:592,33,0,33
BRDA:592,33,1,29
BRF:70
BRH:70
end_of_record
