TN:
SF:script.js
FN:5,(anonymous_0)
FN:11,(anonymous_1)
FN:12,(anonymous_2)
FN:19,(anonymous_3)
FN:23,(anonymous_4)
FN:27,(anonymous_5)
FN:32,(anonymous_6)
FN:33,(anonymous_7)
FN:44,renderTasks
FN:55,(anonymous_9)
FN:61,clearTaskList
FN:68,displayTaskCounts
FN:71,(anonymous_12)
FN:104,filterTasks
FN:108,(anonymous_14)
FN:110,(anonymous_15)
FN:117,renderEachTask
FN:127,createTaskElement
FN:162,(anonymous_18)
FN:163,(anonymous_19)
FN:164,(anonymous_20)
FN:165,(anonymous_21)
FN:166,(anonymous_22)
FN:178,toggleTaskListVisibility
FN:205,addTask
FN:240,validateInput
FN:256,isTaskAlreadyExists
FN:259,(anonymous_27)
FN:265,checkBox
FN:268,(anonymous_29)
FN:279,deleteTask
FN:281,(anonymous_31)
FN:285,(anonymous_32)
FN:290,(anonymous_33)
FN:298,clearTasks
FN:315,(anonymous_35)
FN:329,(anonymous_36)
FN:333,(anonymous_37)
FN:341,(anonymous_38)
FN:349,toggleEdit
FN:363,(anonymous_40)
FN:370,disableOtherElements
FN:382,(anonymous_42)
FN:386,(anonymous_43)
FN:394,saveTask
FN:405,(anonymous_45)
FN:407,(anonymous_46)
FN:416,(anonymous_47)
FN:425,cancelEdit
FN:428,(anonymous_49)
FN:437,toggleSave
FN:449,toggleTaskControls
FN:463,showNotification
FN:470,(anonymous_53)
FN:477,showToast
FN:486,(anonymous_55)
FN:491,(anonymous_56)
FN:498,toggleToast
FNF:58
FNH:58
FNDA:4,(anonymous_0)
FNDA:87,(anonymous_1)
FNDA:4,(anonymous_2)
FNDA:6,(anonymous_3)
FNDA:1,(anonymous_4)
FNDA:34,(anonymous_5)
FNDA:87,(anonymous_6)
FNDA:4,(anonymous_7)
FNDA:91,renderTasks
FNDA:102,(anonymous_9)
FNDA:93,clearTaskList
FNDA:101,displayTaskCounts
FNDA:130,(anonymous_12)
FNDA:103,filterTasks
FNDA:14,(anonymous_14)
FNDA:14,(anonymous_15)
FNDA:105,renderEachTask
FNDA:108,createTaskElement
FNDA:6,(anonymous_18)
FNDA:2,(anonymous_19)
FNDA:4,(anonymous_20)
FNDA:1,(anonymous_21)
FNDA:8,(anonymous_22)
FNDA:93,toggleTaskListVisibility
FNDA:43,addTask
FNDA:58,validateInput
FNDA:55,isTaskAlreadyExists
FNDA:29,(anonymous_27)
FNDA:9,checkBox
FNDA:10,(anonymous_29)
FNDA:5,deleteTask
FNDA:3,(anonymous_31)
FNDA:5,(anonymous_32)
FNDA:2,(anonymous_33)
FNDA:13,clearTasks
FNDA:8,(anonymous_35)
FNDA:4,(anonymous_36)
FNDA:4,(anonymous_37)
FNDA:2,(anonymous_38)
FNDA:10,toggleEdit
FNDA:2,(anonymous_40)
FNDA:20,disableOtherElements
FNDA:69,(anonymous_42)
FNDA:60,(anonymous_43)
FNDA:9,saveTask
FNDA:2,(anonymous_45)
FNDA:2,(anonymous_46)
FNDA:2,(anonymous_47)
FNDA:5,cancelEdit
FNDA:5,(anonymous_49)
FNDA:8,toggleSave
FNDA:25,toggleTaskControls
FNDA:79,showNotification
FNDA:1,(anonymous_53)
FNDA:26,showToast
FNDA:14,(anonymous_55)
FNDA:7,(anonymous_56)
FNDA:54,toggleToast
DA:1,29
DA:3,29
DA:5,29
DA:6,4
DA:7,4
DA:8,4
DA:11,29
DA:12,87
DA:13,4
DA:14,4
DA:15,4
DA:19,29
DA:20,6
DA:23,29
DA:24,1
DA:27,29
DA:28,34
DA:29,34
DA:32,29
DA:33,87
DA:34,4
DA:38,29
DA:46,91
DA:47,91
DA:49,91
DA:50,91
DA:51,91
DA:53,91
DA:55,91
DA:56,102
DA:63,93
DA:64,93
DA:70,101
DA:71,130
DA:72,101
DA:74,101
DA:76,101
DA:78,8
DA:79,3
DA:81,5
DA:83,8
DA:85,9
DA:86,4
DA:88,5
DA:90,9
DA:92,83
DA:93,11
DA:95,72
DA:97,83
DA:99,1
DA:106,103
DA:108,14
DA:110,14
DA:112,86
DA:119,105
DA:120,105
DA:121,105
DA:128,108
DA:129,108
DA:130,108
DA:132,108
DA:160,108
DA:162,108
DA:163,108
DA:164,108
DA:165,108
DA:166,108
DA:167,8
DA:168,7
DA:170,1
DA:174,108
DA:180,93
DA:181,93
DA:182,93
DA:183,93
DA:184,93
DA:187,93
DA:188,12
DA:189,12
DA:190,12
DA:191,12
DA:192,12
DA:194,81
DA:195,81
DA:196,81
DA:197,81
DA:207,43
DA:208,43
DA:210,43
DA:211,8
DA:212,8
DA:213,8
DA:214,8
DA:217,35
DA:223,35
DA:224,35
DA:225,35
DA:226,35
DA:227,35
DA:229,35
DA:230,35
DA:231,35
DA:233,35
DA:235,35
DA:236,35
DA:242,58
DA:243,6
DA:244,6
DA:245,52
DA:246,4
DA:247,4
DA:248,48
DA:249,8
DA:250,8
DA:252,40
DA:258,55
DA:259,55
DA:267,9
DA:268,10
DA:270,9
DA:272,9
DA:273,9
DA:281,5
DA:284,3
DA:285,5
DA:286,3
DA:288,3
DA:289,3
DA:291,2
DA:299,13
DA:300,13
DA:303,13
DA:305,7
DA:306,7
DA:308,3
DA:309,3
DA:311,3
DA:312,3
DA:315,13
DA:317,8
DA:322,8
DA:324,4
DA:325,4
DA:326,4
DA:327,4
DA:329,4
DA:330,2
DA:331,2
DA:333,4
DA:334,2
DA:335,2
DA:338,8
DA:339,8
DA:342,2
DA:351,10
DA:352,10
DA:354,10
DA:355,10
DA:357,10
DA:358,10
DA:359,10
DA:360,10
DA:361,10
DA:363,10
DA:364,2
DA:372,20
DA:373,20
DA:374,20
DA:375,20
DA:376,20
DA:378,20
DA:379,20
DA:380,20
DA:382,20
DA:383,69
DA:386,20
DA:387,60
DA:396,9
DA:397,9
DA:398,9
DA:400,9
DA:401,5
DA:402,5
DA:405,4
DA:407,2
DA:408,2
DA:409,2
DA:410,2
DA:411,2
DA:412,2
DA:416,4
DA:417,2
DA:418,2
DA:421,4
DA:427,5
DA:428,5
DA:430,5
DA:432,5
DA:433,5
DA:439,8
DA:441,8
DA:443,8
DA:444,8
DA:445,8
DA:451,25
DA:452,25
DA:454,25
DA:455,25
DA:464,79
DA:466,79
DA:467,79
DA:468,79
DA:470,79
DA:471,1
DA:472,1
DA:479,26
DA:480,26
DA:481,26
DA:483,26
DA:484,26
DA:486,26
DA:487,14
DA:488,14
DA:491,26
DA:492,7
DA:493,7
DA:499,54
DA:500,54
DA:505,29
LF:229
LH:229
BRDA:3,0,0,29
BRDA:3,0,1,29
BRDA:6,1,0,4
BRDA:6,1,1,3
BRDA:46,2,0,83
BRDA:46,2,1,8
BRDA:47,3,0,91
BRDA:47,3,1,31
BRDA:76,4,0,8
BRDA:76,4,1,9
BRDA:76,4,2,83
BRDA:76,4,3,1
BRDA:78,5,0,3
BRDA:78,5,1,5
BRDA:81,6,0,3
BRDA:81,6,1,2
BRDA:85,7,0,4
BRDA:85,7,1,5
BRDA:88,8,0,4
BRDA:88,8,1,1
BRDA:92,9,0,11
BRDA:92,9,1,72
BRDA:95,10,0,49
BRDA:95,10,1,23
BRDA:106,11,0,8
BRDA:106,11,1,9
BRDA:106,11,2,86
BRDA:130,12,0,14
BRDA:130,12,1,94
BRDA:138,13,0,14
BRDA:138,13,1,94
BRDA:149,14,0,14
BRDA:149,14,1,94
BRDA:167,15,0,7
BRDA:167,15,1,1
BRDA:187,16,0,12
BRDA:187,16,1,81
BRDA:210,17,0,8
BRDA:210,17,1,35
BRDA:223,18,0,8
BRDA:223,18,1,27
BRDA:240,19,0,46
BRDA:242,20,0,6
BRDA:242,20,1,52
BRDA:245,21,0,4
BRDA:245,21,1,48
BRDA:248,22,0,8
BRDA:248,22,1,40
BRDA:258,23,0,55
BRDA:258,23,1,29
BRDA:259,24,0,29
BRDA:259,24,1,12
BRDA:303,25,0,7
BRDA:303,25,1,3
BRDA:303,25,2,3
BRDA:322,26,0,4
BRDA:322,26,1,2
BRDA:322,26,2,2
BRDA:400,27,0,5
BRDA:400,27,1,4
BRDA:463,28,0,2
BRDA:463,29,0,3
BRDA:500,30,0,29
BRDA:500,30,1,25
BRF:64
BRH:64
end_of_record
